<?xml version="1.0" encoding="UTF-8"?>
<testsuite xmlns:xsi="http://www.w3.org/2001/XMLSchema-instance" xsi:noNamespaceSchemaLocation="https://maven.apache.org/surefire/maven-surefire-plugin/xsd/surefire-test-report.xsd" name="TestSuite" time="1,063.754" tests="3" errors="0" skipped="0" failures="2">
  <properties>
[...]
</properties>
  <testcase name="feature" classname="MyRunner.TestRunner" time="1,051.263">
    <failure message="org.openqa.selenium.NoSuchElementException: Unable to find element with name == transactionDataBean.disbursementType (WARNING: The server did not provide any stacktrace information)&#10;Command duration or timeout: 0 milliseconds&#10;For documentation on this error, please visit: http://seleniumhq.org/exceptions/no_such_element.html&#10;Build info: version: &apos;3.11.0&apos;, revision: &apos;e59cfb3&apos;, time: &apos;2018-03-11T20:26:55.152Z&apos;&#10;System info: host: &apos;QTLSYS0-167-PC&apos;, ip: &apos;192.168.0.167&apos;, os.name: &apos;Windows 10&apos;, os.arch: &apos;amd64&apos;, os.version: &apos;10.0&apos;, java.version: &apos;1.8.0_171&apos;&#10;Driver info: org.openqa.selenium.ie.InternetExplorerDriver&#10;Capabilities {browserAttachTimeout: 0, browserName: internet explorer, cssSelectorsEnabled: true, elementScrollBehavior: 0, enableElementCacheCleanup: true, enablePersistentHover: true, handlesAlerts: true, ie.browserCommandLineSwitches: , ie.ensureCleanSession: false, ie.forceCreateProcessApi: false, ie.usePerProcessProxy: false, ignoreProtectedModeSettings: false, ignoreZoomSetting: false, initialBrowserUrl: http://localhost:45387/, javascriptEnabled: true, nativeEvents: true, platform: WINDOWS, platformName: WINDOWS, requireWindowFocus: false, takesScreenshot: true, unexpectedAlertBehaviour: dismiss, unhandledPromptBehavior: dismiss, version: 11}&#10;Session ID: 96fa3cd1-04d8-4be3-8ce6-d893538b1e50&#10;*** Element info: {Using=name, value=transactionDataBean.disbursementType}" type="cucumber.runtime.CucumberException">cucumber.runtime.CucumberException: 
org.openqa.selenium.NoSuchElementException: Unable to find element with name == transactionDataBean.disbursementType (WARNING: The server did not provide any stacktrace information)
Command duration or timeout: 0 milliseconds
For documentation on this error, please visit: http://seleniumhq.org/exceptions/no_such_element.html
Build info: version: '3.11.0', revision: 'e59cfb3', time: '2018-03-11T20:26:55.152Z'
System info: host: 'QTLSYS0-167-PC', ip: '192.168.0.167', os.name: 'Windows 10', os.arch: 'amd64', os.version: '10.0', java.version: '1.8.0_171'
Driver info: org.openqa.selenium.ie.InternetExplorerDriver
Capabilities {browserAttachTimeout: 0, browserName: internet explorer, cssSelectorsEnabled: true, elementScrollBehavior: 0, enableElementCacheCleanup: true, enablePersistentHover: true, handlesAlerts: true, ie.browserCommandLineSwitches: , ie.ensureCleanSession: false, ie.forceCreateProcessApi: false, ie.usePerProcessProxy: false, ignoreProtectedModeSettings: false, ignoreZoomSetting: false, initialBrowserUrl: http://localhost:45387/, javascriptEnabled: true, nativeEvents: true, platform: WINDOWS, platformName: WINDOWS, requireWindowFocus: false, takesScreenshot: true, unexpectedAlertBehaviour: dismiss, unhandledPromptBehavior: dismiss, version: 11}
Session ID: 96fa3cd1-04d8-4be3-8ce6-d893538b1e50
*** Element info: {Using=name, value=transactionDataBean.disbursementType}
	at MyRunner.TestRunner.feature(TestRunner.java:170)
Caused by: org.openqa.selenium.NoSuchElementException: 
Unable to find element with name == transactionDataBean.disbursementType (WARNING: The server did not provide any stacktrace information)
Command duration or timeout: 0 milliseconds
For documentation on this error, please visit: http://seleniumhq.org/exceptions/no_such_element.html
Build info: version: '3.11.0', revision: 'e59cfb3', time: '2018-03-11T20:26:55.152Z'
System info: host: 'QTLSYS0-167-PC', ip: '192.168.0.167', os.name: 'Windows 10', os.arch: 'amd64', os.version: '10.0', java.version: '1.8.0_171'
Driver info: org.openqa.selenium.ie.InternetExplorerDriver
Capabilities {browserAttachTimeout: 0, browserName: internet explorer, cssSelectorsEnabled: true, elementScrollBehavior: 0, enableElementCacheCleanup: true, enablePersistentHover: true, handlesAlerts: true, ie.browserCommandLineSwitches: , ie.ensureCleanSession: false, ie.forceCreateProcessApi: false, ie.usePerProcessProxy: false, ignoreProtectedModeSettings: false, ignoreZoomSetting: false, initialBrowserUrl: http://localhost:45387/, javascriptEnabled: true, nativeEvents: true, platform: WINDOWS, platformName: WINDOWS, requireWindowFocus: false, takesScreenshot: true, unexpectedAlertBehaviour: dismiss, unhandledPromptBehavior: dismiss, version: 11}
Session ID: 96fa3cd1-04d8-4be3-8ce6-d893538b1e50
*** Element info: {Using=name, value=transactionDataBean.disbursementType}
</failure>
    <system-out><![CDATA[Feature: Checkmate Scenarios for CA State
67
07/28/2022
07/28/2022
current row num 7
 rows num 14
NewLoan 67

  Scenario: Loan– same day Void with secret code &amp#27;[90m# login.feature:5&amp#27;[0m
    &amp#27;[32mGiven &amp#27;[0m&amp#27;[32mCA_PDL_014&amp#27;[0m                             &amp#27;[90m# StepDefinations.CA_PDL_014()&amp#27;[0m
    &amp#27;[32mAnd &amp#27;[0m&amp#27;[32mLogin into CSR&amp#27;[0m                           &amp#27;[90m# StepDefinations.login_into_CSR()&amp#27;[0m
    &amp#27;[32mGiven &amp#27;[0m&amp#27;[32mRegistration of the Borrower PDL&amp#27;[0m       &amp#27;[90m# StepDefinations.Registration_of_the_Borrower_PDL()&amp#27;[0m
    &amp#27;[32mThen &amp#27;[0m&amp#27;[32mNew Loan taken for the user&amp#27;[0m             &amp#27;[90m# StepDefinations.new_Loan_taken_for_the_user()&amp#27;[0m
    &amp#27;[31mThen &amp#27;[0m&amp#27;[31mVoid the transaction&amp#27;[0m                    &amp#27;[90m# StepDefinations.void_the_transaction()&amp#27;[0m
      &amp#27;[31morg.openqa.selenium.NoSuchElementException: Unable to find element with name == transactionDataBean.disbursementType (WARNING: The server did not provide any stacktrace information)
      Command duration or timeout: 0 milliseconds
      For documentation on this error, please visit: http://seleniumhq.org/exceptions/no_such_element.html
      Build info: version: '3.11.0', revision: 'e59cfb3', time: '2018-03-11T20:26:55.152Z'
      System info: host: 'QTLSYS0-167-PC', ip: '192.168.0.167', os.name: 'Windows 10', os.arch: 'amd64', os.version: '10.0', java.version: '1.8.0_171'
      Driver info: org.openqa.selenium.ie.InternetExplorerDriver
      Capabilities {browserAttachTimeout: 0, browserName: internet explorer, cssSelectorsEnabled: true, elementScrollBehavior: 0, enableElementCacheCleanup: true, enablePersistentHover: true, handlesAlerts: true, ie.browserCommandLineSwitches: , ie.ensureCleanSession: false, ie.forceCreateProcessApi: false, ie.usePerProcessProxy: false, ignoreProtectedModeSettings: false, ignoreZoomSetting: false, initialBrowserUrl: http://localhost:45387/, javascriptEnabled: true, nativeEvents: true, platform: WINDOWS, platformName: WINDOWS, requireWindowFocus: false, takesScreenshot: true, unexpectedAlertBehaviour: dismiss, unhandledPromptBehavior: dismiss, version: 11}
      Session ID: 96fa3cd1-04d8-4be3-8ce6-d893538b1e50
      *** Element info: {Using=name, value=transactionDataBean.disbursementType}
      	at sun.reflect.NativeConstructorAccessorImpl.newInstance0(Native Method)
      	at sun.reflect.NativeConstructorAccessorImpl.newInstance(NativeConstructorAccessorImpl.java:62)
      	at sun.reflect.DelegatingConstructorAccessorImpl.newInstance(DelegatingConstructorAccessorImpl.java:45)
      	at java.lang.reflect.Constructor.newInstance(Constructor.java:423)
      	at org.openqa.selenium.remote.ErrorHandler.createThrowable(ErrorHandler.java:214)
      	at org.openqa.selenium.remote.ErrorHandler.throwIfResponseFailed(ErrorHandler.java:166)
      	at org.openqa.selenium.remote.http.JsonHttpResponseCodec.reconstructValue(JsonHttpResponseCodec.java:40)
      	at org.openqa.selenium.remote.http.AbstractHttpResponseCodec.decode(AbstractHttpResponseCodec.java:80)
      	at org.openqa.selenium.remote.http.AbstractHttpResponseCodec.decode(AbstractHttpResponseCodec.java:44)
      	at org.openqa.selenium.remote.HttpCommandExecutor.execute(HttpCommandExecutor.java:158)
      	at org.openqa.selenium.remote.service.DriverCommandExecutor.execute(DriverCommandExecutor.java:83)
      	at org.openqa.selenium.remote.RemoteWebDriver.execute(RemoteWebDriver.java:545)
      	at org.openqa.selenium.remote.RemoteWebDriver.findElement(RemoteWebDriver.java:319)
      	at org.openqa.selenium.remote.RemoteWebDriver.findElementByName(RemoteWebDriver.java:397)
      	at org.openqa.selenium.By$ByName.findElement(By.java:303)
      	at org.openqa.selenium.remote.RemoteWebDriver.findElement(RemoteWebDriver.java:311)
      	at stepDefinitions.void_the_transaction.void_the_transaction(void_the_transaction.java:93)
      	at stepDefinitions.StepDefinations.void_the_transaction(StepDefinations.java:735)
      	at ?.Then Void the transaction(login.feature:10)
      &amp#27;[0m
67
07/28/2022
07/28/2022
current row num 7
 rows num 14
NewLoan 67
07/15/2020
  Scenario: Loan – void on next day with secret code &amp#27;[90m# login.feature:12&amp#27;[0m
    &amp#27;[32mGiven &amp#27;[0m&amp#27;[32mCA_PDL_015&amp#27;[0m                                 &amp#27;[90m# StepDefinations.CA_PDL_015()&amp#27;[0m
    &amp#27;[32mAnd &amp#27;[0m&amp#27;[32mLogin into CSR&amp#27;[0m                               &amp#27;[90m# StepDefinations.login_into_CSR()&amp#27;[0m
    &amp#27;[32mGiven &amp#27;[0m&amp#27;[32mRegistration of the Borrower PDL&amp#27;[0m           &amp#27;[90m# StepDefinations.Registration_of_the_Borrower_PDL()&amp#27;[0m
    &amp#27;[32mThen &amp#27;[0m&amp#27;[32mNew Loan taken for the user&amp#27;[0m                 &amp#27;[90m# StepDefinations.new_Loan_taken_for_the_user()&amp#27;[0m
    &amp#27;[32mAnd &amp#27;[0m&amp#27;[32mGet the Loan Date from History&amp#27;[0m               &amp#27;[90m# StepDefinations.get_the_Loan_Date_from_History()&amp#27;[0m
    &amp#27;[31mThen &amp#27;[0m&amp#27;[31mAge the store to "&amp#27;[0m&amp#27;[31m&amp#27;[1m1&amp#27;[0m&amp#27;[31m"&amp#27;[0m                        &amp#27;[90m# StepDefinations.age_the_store_to_days(String)&amp#27;[0m
      &amp#27;[31mjava.lang.ClassNotFoundException: oracle.jdbc.driver.OracleDriver
      	at java.net.URLClassLoader.findClass(URLClassLoader.java:381)
      	at java.lang.ClassLoader.loadClass(ClassLoader.java:424)
      	at sun.misc.Launcher$AppClassLoader.loadClass(Launcher.java:349)
      	at java.lang.ClassLoader.loadClass(ClassLoader.java:357)
      	at java.lang.Class.forName0(Native Method)
      	at java.lang.Class.forName(Class.java:264)
      	at stepDefinitions.age_the_store.age_the_store(age_the_store.java:43)
      	at stepDefinitions.StepDefinations.age_the_store_to_days(StepDefinations.java:729)
      	at ?.Then Age the store to "1"(login.feature:18)
      &amp#27;[0m
    &amp#27;[36mThen &amp#27;[0m&amp#27;[36mVoid the transaction&amp#27;[0m                        &amp#27;[90m# StepDefinations.void_the_transaction()&amp#27;[0m
67
07/28/2022
07/28/2022
current row num 7
 rows num 14
NewLoan 67

  Scenario: loan with disbursement cash ->void with cash &amp#27;[90m# login.feature:21&amp#27;[0m
    &amp#27;[32mGiven &amp#27;[0m&amp#27;[32mCA_PDL_016&amp#27;[0m                                     &amp#27;[90m# StepDefinations.CA_PDL_016()&amp#27;[0m
    &amp#27;[32mAnd &amp#27;[0m&amp#27;[32mLogin into CSR&amp#27;[0m                                   &amp#27;[90m# StepDefinations.login_into_CSR()&amp#27;[0m
    &amp#27;[32mGiven &amp#27;[0m&amp#27;[32mRegistration of the Borrower PDL&amp#27;[0m               &amp#27;[90m# StepDefinations.Registration_of_the_Borrower_PDL()&amp#27;[0m
    &amp#27;[32mThen &amp#27;[0m&amp#27;[32mNew Loan taken for the user&amp#27;[0m                     &amp#27;[90m# StepDefinations.new_Loan_taken_for_the_user()&amp#27;[0m
    &amp#27;[31mThen &amp#27;[0m&amp#27;[31mVoid the transaction&amp#27;[0m                            &amp#27;[90m# StepDefinations.void_the_transaction()&amp#27;[0m
      &amp#27;[31morg.openqa.selenium.NoSuchElementException: Unable to find element with name == transactionDataBean.disbursementType (WARNING: The server did not provide any stacktrace information)
      Command duration or timeout: 0 milliseconds
      For documentation on this error, please visit: http://seleniumhq.org/exceptions/no_such_element.html
      Build info: version: '3.11.0', revision: 'e59cfb3', time: '2018-03-11T20:26:55.152Z'
      System info: host: 'QTLSYS0-167-PC', ip: '192.168.0.167', os.name: 'Windows 10', os.arch: 'amd64', os.version: '10.0', java.version: '1.8.0_171'
      Driver info: org.openqa.selenium.ie.InternetExplorerDriver
      Capabilities {browserAttachTimeout: 0, browserName: internet explorer, cssSelectorsEnabled: true, elementScrollBehavior: 0, enableElementCacheCleanup: true, enablePersistentHover: true, handlesAlerts: true, ie.browserCommandLineSwitches: , ie.ensureCleanSession: false, ie.forceCreateProcessApi: false, ie.usePerProcessProxy: false, ignoreProtectedModeSettings: false, ignoreZoomSetting: false, initialBrowserUrl: http://localhost:45387/, javascriptEnabled: true, nativeEvents: true, platform: WINDOWS, platformName: WINDOWS, requireWindowFocus: false, takesScreenshot: true, unexpectedAlertBehaviour: dismiss, unhandledPromptBehavior: dismiss, version: 11}
      Session ID: 96fa3cd1-04d8-4be3-8ce6-d893538b1e50
      *** Element info: {Using=name, value=transactionDataBean.disbursementType}
      	at sun.reflect.NativeConstructorAccessorImpl.newInstance0(Native Method)
      	at sun.reflect.NativeConstructorAccessorImpl.newInstance(NativeConstructorAccessorImpl.java:62)
      	at sun.reflect.DelegatingConstructorAccessorImpl.newInstance(DelegatingConstructorAccessorImpl.java:45)
      	at java.lang.reflect.Constructor.newInstance(Constructor.java:423)
      	at org.openqa.selenium.remote.ErrorHandler.createThrowable(ErrorHandler.java:214)
      	at org.openqa.selenium.remote.ErrorHandler.throwIfResponseFailed(ErrorHandler.java:166)
      	at org.openqa.selenium.remote.http.JsonHttpResponseCodec.reconstructValue(JsonHttpResponseCodec.java:40)
      	at org.openqa.selenium.remote.http.AbstractHttpResponseCodec.decode(AbstractHttpResponseCodec.java:80)
      	at org.openqa.selenium.remote.http.AbstractHttpResponseCodec.decode(AbstractHttpResponseCodec.java:44)
      	at org.openqa.selenium.remote.HttpCommandExecutor.execute(HttpCommandExecutor.java:158)
      	at org.openqa.selenium.remote.service.DriverCommandExecutor.execute(DriverCommandExecutor.java:83)
      	at org.openqa.selenium.remote.RemoteWebDriver.execute(RemoteWebDriver.java:545)
      	at org.openqa.selenium.remote.RemoteWebDriver.findElement(RemoteWebDriver.java:319)
      	at org.openqa.selenium.remote.RemoteWebDriver.findElementByName(RemoteWebDriver.java:397)
      	at org.openqa.selenium.By$ByName.findElement(By.java:303)
      	at org.openqa.selenium.remote.RemoteWebDriver.findElement(RemoteWebDriver.java:311)
      	at stepDefinitions.void_the_transaction.void_the_transaction(void_the_transaction.java:93)
      	at stepDefinitions.StepDefinations.void_the_transaction(StepDefinations.java:735)
      	at ?.Then Void the transaction(login.feature:26)
      &amp#27;[0m
67
07/28/2022
07/28/2022
current row num 7
 rows num 14

  Scenario: loan with disbursement cash ->void with DC &amp#27;[90m# login.feature:28&amp#27;[0m
    &amp#27;[32mGiven &amp#27;[0m&amp#27;[32mCA_PDL_017&amp#27;[0m                                   &amp#27;[90m# StepDefinations.CA_PDL_017()&amp#27;[0m
    &amp#27;[32mAnd &amp#27;[0m&amp#27;[32mLogin into CSR&amp#27;[0m                                 &amp#27;[90m# StepDefinations.login_into_CSR()&amp#27;[0m
    &amp#27;[32mGiven &amp#27;[0m&amp#27;[32mRegistration of the Borrower PDL&amp#27;[0m             &amp#27;[90m# StepDefinations.Registration_of_the_Borrower_PDL()&amp#27;[0m
    &amp#27;[31mThen &amp#27;[0m&amp#27;[31mNew Loan taken for the user&amp#27;[0m                   &amp#27;[90m# StepDefinations.new_Loan_taken_for_the_user()&amp#27;[0m
      &amp#27;[31morg.openqa.selenium.NoSuchElementException: Unable to find element with name == advanceRequestBean.collateralTypeId (WARNING: The server did not provide any stacktrace information)
      Command duration or timeout: 0 milliseconds
      For documentation on this error, please visit: http://seleniumhq.org/exceptions/no_such_element.html
      Build info: version: '3.11.0', revision: 'e59cfb3', time: '2018-03-11T20:26:55.152Z'
      System info: host: 'QTLSYS0-167-PC', ip: '192.168.0.167', os.name: 'Windows 10', os.arch: 'amd64', os.version: '10.0', java.version: '1.8.0_171'
      Driver info: org.openqa.selenium.ie.InternetExplorerDriver
      Capabilities {browserAttachTimeout: 0, browserName: internet explorer, cssSelectorsEnabled: true, elementScrollBehavior: 0, enableElementCacheCleanup: true, enablePersistentHover: true, handlesAlerts: true, ie.browserCommandLineSwitches: , ie.ensureCleanSession: false, ie.forceCreateProcessApi: false, ie.usePerProcessProxy: false, ignoreProtectedModeSettings: false, ignoreZoomSetting: false, initialBrowserUrl: http://localhost:45387/, javascriptEnabled: true, nativeEvents: true, platform: WINDOWS, platformName: WINDOWS, requireWindowFocus: false, takesScreenshot: true, unexpectedAlertBehaviour: dismiss, unhandledPromptBehavior: dismiss, version: 11}
      Session ID: 96fa3cd1-04d8-4be3-8ce6-d893538b1e50
      *** Element info: {Using=name, value=advanceRequestBean.collateralTypeId}
      	at sun.reflect.NativeConstructorAccessorImpl.newInstance0(Native Method)
      	at sun.reflect.NativeConstructorAccessorImpl.newInstance(NativeConstructorAccessorImpl.java:62)
      	at sun.reflect.DelegatingConstructorAccessorImpl.newInstance(DelegatingConstructorAccessorImpl.java:45)
      	at java.lang.reflect.Constructor.newInstance(Constructor.java:423)
      	at org.openqa.selenium.remote.ErrorHandler.createThrowable(ErrorHandler.java:214)
      	at org.openqa.selenium.remote.ErrorHandler.throwIfResponseFailed(ErrorHandler.java:166)
      	at org.openqa.selenium.remote.http.JsonHttpResponseCodec.reconstructValue(JsonHttpResponseCodec.java:40)
      	at org.openqa.selenium.remote.http.AbstractHttpResponseCodec.decode(AbstractHttpResponseCodec.java:80)
      	at org.openqa.selenium.remote.http.AbstractHttpResponseCodec.decode(AbstractHttpResponseCodec.java:44)
      	at org.openqa.selenium.remote.HttpCommandExecutor.execute(HttpCommandExecutor.java:158)
      	at org.openqa.selenium.remote.service.DriverCommandExecutor.execute(DriverCommandExecutor.java:83)
      	at org.openqa.selenium.remote.RemoteWebDriver.execute(RemoteWebDriver.java:545)
      	at org.openqa.selenium.remote.RemoteWebDriver.findElement(RemoteWebDriver.java:319)
      	at org.openqa.selenium.remote.RemoteWebDriver.findElementByName(RemoteWebDriver.java:397)
      	at org.openqa.selenium.By$ByName.findElement(By.java:303)
      	at org.openqa.selenium.remote.RemoteWebDriver.findElement(RemoteWebDriver.java:311)
      	at stepDefinitions.new_Loan_taken_for_the_user.PDL(new_Loan_taken_for_the_user.java:436)
      	at stepDefinitions.new_Loan_taken_for_the_user.new_Loan_taken_for_the_user(new_Loan_taken_for_the_user.java:160)
      	at stepDefinitions.StepDefinations.new_Loan_taken_for_the_user(StepDefinations.java:717)
      	at ?.Then New Loan taken for the user(login.feature:32)
      &amp#27;[0m
    &amp#27;[36mThen &amp#27;[0m&amp#27;[36mVoid the transaction&amp#27;[0m                          &amp#27;[90m# StepDefinations.void_the_transaction()&amp#27;[0m
67
07/28/2022
07/28/2022
current row num 7
 rows num 14
NewLoan 67

  Scenario: Loan– same day Rescind         &amp#27;[90m# login.feature:35&amp#27;[0m
    &amp#27;[32mGiven &amp#27;[0m&amp#27;[32mCA_PDL_019&amp#27;[0m                       &amp#27;[90m# StepDefinations.CA_PDL_019()&amp#27;[0m
    &amp#27;[32mAnd &amp#27;[0m&amp#27;[32mLogin into CSR&amp#27;[0m                     &amp#27;[90m# StepDefinations.login_into_CSR()&amp#27;[0m
    &amp#27;[32mGiven &amp#27;[0m&amp#27;[32mRegistration of the Borrower PDL&amp#27;[0m &amp#27;[90m# StepDefinations.Registration_of_the_Borrower_PDL()&amp#27;[0m
    &amp#27;[32mThen &amp#27;[0m&amp#27;[32mNew Loan taken for the user&amp#27;[0m       &amp#27;[90m# StepDefinations.new_Loan_taken_for_the_user()&amp#27;[0m
    &amp#27;[31mThen &amp#27;[0m&amp#27;[31mRescind the transaction&amp#27;[0m           &amp#27;[90m# StepDefinations.rescind_the_transaction()&amp#27;[0m
      &amp#27;[31morg.openqa.selenium.TimeoutException: Timed out waiting for page to load. (WARNING: The server did not provide any stacktrace information)
      Command duration or timeout: 0 milliseconds
      Build info: version: '3.11.0', revision: 'e59cfb3', time: '2018-03-11T20:26:55.152Z'
      System info: host: 'QTLSYS0-167-PC', ip: '192.168.0.167', os.name: 'Windows 10', os.arch: 'amd64', os.version: '10.0', java.version: '1.8.0_171'
      Driver info: org.openqa.selenium.ie.InternetExplorerDriver
      Capabilities {browserAttachTimeout: 0, browserName: internet explorer, cssSelectorsEnabled: true, elementScrollBehavior: 0, enableElementCacheCleanup: true, enablePersistentHover: true, handlesAlerts: true, ie.browserCommandLineSwitches: , ie.ensureCleanSession: false, ie.forceCreateProcessApi: false, ie.usePerProcessProxy: false, ignoreProtectedModeSettings: false, ignoreZoomSetting: false, initialBrowserUrl: http://localhost:45387/, javascriptEnabled: true, nativeEvents: true, platform: WINDOWS, platformName: WINDOWS, requireWindowFocus: false, takesScreenshot: true, unexpectedAlertBehaviour: dismiss, unhandledPromptBehavior: dismiss, version: 11}
      Session ID: 96fa3cd1-04d8-4be3-8ce6-d893538b1e50
      	at sun.reflect.NativeConstructorAccessorImpl.newInstance0(Native Method)
      	at sun.reflect.NativeConstructorAccessorImpl.newInstance(NativeConstructorAccessorImpl.java:62)
      	at sun.reflect.DelegatingConstructorAccessorImpl.newInstance(DelegatingConstructorAccessorImpl.java:45)
      	at java.lang.reflect.Constructor.newInstance(Constructor.java:423)
      	at org.openqa.selenium.remote.ErrorHandler.createThrowable(ErrorHandler.java:214)
      	at org.openqa.selenium.remote.ErrorHandler.throwIfResponseFailed(ErrorHandler.java:166)
      	at org.openqa.selenium.remote.http.JsonHttpResponseCodec.reconstructValue(JsonHttpResponseCodec.java:40)
      	at org.openqa.selenium.remote.http.AbstractHttpResponseCodec.decode(AbstractHttpResponseCodec.java:80)
      	at org.openqa.selenium.remote.http.AbstractHttpResponseCodec.decode(AbstractHttpResponseCodec.java:44)
      	at org.openqa.selenium.remote.HttpCommandExecutor.execute(HttpCommandExecutor.java:158)
      	at org.openqa.selenium.remote.service.DriverCommandExecutor.execute(DriverCommandExecutor.java:83)
      	at org.openqa.selenium.remote.RemoteWebDriver.execute(RemoteWebDriver.java:545)
      	at org.openqa.selenium.remote.RemoteWebElement.execute(RemoteWebElement.java:279)
      	at org.openqa.selenium.remote.RemoteWebElement.click(RemoteWebElement.java:83)
      	at stepDefinitions.rescind_the_transaction.rescind_the_transaction(rescind_the_transaction.java:51)
      	at stepDefinitions.StepDefinations.rescind_the_transaction(StepDefinations.java:746)
      	at ?.Then Rescind the transaction(login.feature:40)
      &amp#27;[0m
67
07/28/2022
07/28/2022
current row num 7
 rows num 14
NewLoan 67
07/15/2020
  Scenario: New Loan --> Age store up to some days before due date --> Partial Payment. &amp#27;[90m# login.feature:43&amp#27;[0m
    &amp#27;[32mGiven &amp#27;[0m&amp#27;[32mCA_PDL_051&amp#27;[0m                                                                    &amp#27;[90m# StepDefinations.CA_PDL_051()&amp#27;[0m
    &amp#27;[32mAnd &amp#27;[0m&amp#27;[32mLogin into CSR&amp#27;[0m                                                                  &amp#27;[90m# StepDefinations.login_into_CSR()&amp#27;[0m
    &amp#27;[32mGiven &amp#27;[0m&amp#27;[32mRegistration of the Borrower PDL&amp#27;[0m                                              &amp#27;[90m# StepDefinations.Registration_of_the_Borrower_PDL()&amp#27;[0m
    &amp#27;[32mThen &amp#27;[0m&amp#27;[32mNew Loan taken for the user&amp#27;[0m                                                    &amp#27;[90m# StepDefinations.new_Loan_taken_for_the_user()&amp#27;[0m
    &amp#27;[32mAnd &amp#27;[0m&amp#27;[32mGet the Loan Date from History&amp#27;[0m                                                  &amp#27;[90m# StepDefinations.get_the_Loan_Date_from_History()&amp#27;[0m
    &amp#27;[31mThen &amp#27;[0m&amp#27;[31mAge the store to "&amp#27;[0m&amp#27;[31m&amp#27;[1m5&amp#27;[0m&amp#27;[31m"&amp#27;[0m                                                           &amp#27;[90m# StepDefinations.age_the_store_to_days(String)&amp#27;[0m
      &amp#27;[31mjava.lang.ClassNotFoundException: oracle.jdbc.driver.OracleDriver
      	at java.net.URLClassLoader.findClass(URLClassLoader.java:381)
      	at java.lang.ClassLoader.loadClass(ClassLoader.java:424)
      	at sun.misc.Launcher$AppClassLoader.loadClass(Launcher.java:349)
      	at java.lang.ClassLoader.loadClass(ClassLoader.java:357)
      	at java.lang.Class.forName0(Native Method)
      	at java.lang.Class.forName(Class.java:264)
      	at stepDefinitions.age_the_store.age_the_store(age_the_store.java:43)
      	at stepDefinitions.StepDefinations.age_the_store_to_days(StepDefinations.java:729)
      	at ?.Then Age the store to "5"(login.feature:49)
      &amp#27;[0m
    &amp#27;[36mThen &amp#27;[0m&amp#27;[36mPartial Payment Same No&amp#27;[0m                                                        &amp#27;[90m# StepDefinations.partial_Payment_same_no()&amp#27;[0m
67
07/28/2022
07/28/2022
current row num 7
 rows num 14
NewLoan 67
07/22/2020
  Scenario: New Loan --> Age store up to some days after due date --> Check Partial Payment transaction is displayed or not. &amp#27;[90m# login.feature:52&amp#27;[0m
    &amp#27;[32mGiven &amp#27;[0m&amp#27;[32mCA_PDL_052&amp#27;[0m                                                                                                         &amp#27;[90m# StepDefinations.CA_PDL_052()&amp#27;[0m
    &amp#27;[32mAnd &amp#27;[0m&amp#27;[32mLogin into CSR&amp#27;[0m                                                                                                       &amp#27;[90m# StepDefinations.login_into_CSR()&amp#27;[0m
    &amp#27;[32mGiven &amp#27;[0m&amp#27;[32mRegistration of the Borrower PDL&amp#27;[0m                                                                                   &amp#27;[90m# StepDefinations.Registration_of_the_Borrower_PDL()&amp#27;[0m
    &amp#27;[32mThen &amp#27;[0m&amp#27;[32mNew Loan taken for the user&amp#27;[0m                                                                                         &amp#27;[90m# StepDefinations.new_Loan_taken_for_the_user()&amp#27;[0m
    &amp#27;[32mAnd &amp#27;[0m&amp#27;[32mGet the Due Date from History&amp#27;[0m                                                                                        &amp#27;[90m# StepDefinations.get_the_Due_Date_from_History()&amp#27;[0m
    &amp#27;[31mThen &amp#27;[0m&amp#27;[31mAge the store to "&amp#27;[0m&amp#27;[31m&amp#27;[1m5&amp#27;[0m&amp#27;[31m"&amp#27;[0m                                                                                                &amp#27;[90m# StepDefinations.age_the_store_to_days(String)&amp#27;[0m
      &amp#27;[31mjava.lang.ClassNotFoundException: oracle.jdbc.driver.OracleDriver
      	at java.net.URLClassLoader.findClass(URLClassLoader.java:381)
      	at java.lang.ClassLoader.loadClass(ClassLoader.java:424)
      	at sun.misc.Launcher$AppClassLoader.loadClass(Launcher.java:349)
      	at java.lang.ClassLoader.loadClass(ClassLoader.java:357)
      	at java.lang.Class.forName0(Native Method)
      	at java.lang.Class.forName(Class.java:264)
      	at stepDefinitions.age_the_store.age_the_store(age_the_store.java:43)
      	at stepDefinitions.StepDefinations.age_the_store_to_days(StepDefinations.java:729)
      	at ?.Then Age the store to "5"(login.feature:58)
      &amp#27;[0m
    &amp#27;[36mThen &amp#27;[0m&amp#27;[36mPartial Payment Same No&amp#27;[0m                                                                                             &amp#27;[90m# StepDefinations.partial_Payment_same_no()&amp#27;[0m
67

  Scenario: Advance =>Partial Payment with 2 tender types as MO with different numbers =>Transaction should not be processed &amp#27;[90m# login.feature:61&amp#27;[0m
    &amp#27;[32mGiven &amp#27;[0m&amp#27;[32mCA_PDL_053&amp#27;[0m                                                                                                         &amp#27;[90m# StepDefinations.CA_PDL_053()&amp#27;[0m
    &amp#27;[31mAnd &amp#27;[0m&amp#27;[31mLogin into CSR&amp#27;[0m                                                                                                       &amp#27;[90m# StepDefinations.login_into_CSR()&amp#27;[0m
      &amp#27;[31morg.openqa.selenium.NoSuchSessionException: session 96fa3cd1-04d8-4be3-8ce6-d893538b1e50 does not exist
      Command duration or timeout: 0 milliseconds
      Build info: version: '3.11.0', revision: 'e59cfb3', time: '2018-03-11T20:26:55.152Z'
      System info: host: 'QTLSYS0-167-PC', ip: '192.168.0.167', os.name: 'Windows 10', os.arch: 'amd64', os.version: '10.0', java.version: '1.8.0_171'
      Driver info: org.openqa.selenium.ie.InternetExplorerDriver
      Capabilities {browserAttachTimeout: 0, browserName: internet explorer, cssSelectorsEnabled: true, elementScrollBehavior: 0, enableElementCacheCleanup: true, enablePersistentHover: true, handlesAlerts: true, ie.browserCommandLineSwitches: , ie.ensureCleanSession: false, ie.forceCreateProcessApi: false, ie.usePerProcessProxy: false, ignoreProtectedModeSettings: false, ignoreZoomSetting: false, initialBrowserUrl: http://localhost:45387/, javascriptEnabled: true, nativeEvents: true, platform: WINDOWS, platformName: WINDOWS, requireWindowFocus: false, takesScreenshot: true, unexpectedAlertBehaviour: dismiss, unhandledPromptBehavior: dismiss, version: 11}
      Session ID: 96fa3cd1-04d8-4be3-8ce6-d893538b1e50
      	at sun.reflect.NativeConstructorAccessorImpl.newInstance0(Native Method)
      	at sun.reflect.NativeConstructorAccessorImpl.newInstance(NativeConstructorAccessorImpl.java:62)
      	at sun.reflect.DelegatingConstructorAccessorImpl.newInstance(DelegatingConstructorAccessorImpl.java:45)
      	at java.lang.reflect.Constructor.newInstance(Constructor.java:423)
      	at org.openqa.selenium.remote.ErrorHandler.createThrowable(ErrorHandler.java:214)
      	at org.openqa.selenium.remote.ErrorHandler.throwIfResponseFailed(ErrorHandler.java:166)
      	at org.openqa.selenium.remote.http.JsonHttpResponseCodec.reconstructValue(JsonHttpResponseCodec.java:40)
      	at org.openqa.selenium.remote.http.AbstractHttpResponseCodec.decode(AbstractHttpResponseCodec.java:80)
      	at org.openqa.selenium.remote.http.AbstractHttpResponseCodec.decode(AbstractHttpResponseCodec.java:44)
      	at org.openqa.selenium.remote.HttpCommandExecutor.execute(HttpCommandExecutor.java:158)
      	at org.openqa.selenium.remote.service.DriverCommandExecutor.execute(DriverCommandExecutor.java:83)
      	at org.openqa.selenium.remote.RemoteWebDriver.execute(RemoteWebDriver.java:545)
      	at org.openqa.selenium.remote.RemoteWebDriver.get(RemoteWebDriver.java:273)
      	at stepDefinitions.Login.Login(Login.java:60)
      	at stepDefinitions.StepDefinations.login_into_CSR(StepDefinations.java:705)
      	at ?.And Login into CSR(login.feature:63)
      &amp#27;[0m
    &amp#27;[36mGiven &amp#27;[0m&amp#27;[36mRegistration of the Borrower PDL&amp#27;[0m                                                                                   &amp#27;[90m# StepDefinations.Registration_of_the_Borrower_PDL()&amp#27;[0m
    &amp#27;[36mThen &amp#27;[0m&amp#27;[36mNew Loan taken for the user&amp#27;[0m                                                                                         &amp#27;[90m# StepDefinations.new_Loan_taken_for_the_user()&amp#27;[0m
    &amp#27;[36mAnd &amp#27;[0m&amp#27;[36mGet the Loan Date from History&amp#27;[0m                                                                                       &amp#27;[90m# StepDefinations.get_the_Loan_Date_from_History()&amp#27;[0m
    &amp#27;[36mThen &amp#27;[0m&amp#27;[36mAge the store to "&amp#27;[0m&amp#27;[36m&amp#27;[1m5&amp#27;[0m&amp#27;[36m"&amp#27;[0m                                                                                                &amp#27;[90m# StepDefinations.age_the_store_to_days(String)&amp#27;[0m
    &amp#27;[36mThen &amp#27;[0m&amp#27;[36mPartial Payment Diff No&amp#27;[0m                                                                                             &amp#27;[90m# StepDefinations.partial_Payment_diff_no()&amp#27;[0m
67

  Scenario: Advance =>Partial Payment with 2 tender types as MO with same numbers =>Transaction should not be processed &amp#27;[90m# login.feature:70&amp#27;[0m
    &amp#27;[32mGiven &amp#27;[0m&amp#27;[32mCA_PDL_054&amp#27;[0m                                                                                                    &amp#27;[90m# StepDefinations.CA_PDL_054()&amp#27;[0m
    &amp#27;[31mAnd &amp#27;[0m&amp#27;[31mLogin into CSR&amp#27;[0m                                                                                                  &amp#27;[90m# StepDefinations.login_into_CSR()&amp#27;[0m
      &amp#27;[31morg.openqa.selenium.NoSuchSessionException: session 96fa3cd1-04d8-4be3-8ce6-d893538b1e50 does not exist
      Command duration or timeout: 0 milliseconds
      Build info: version: '3.11.0', revision: 'e59cfb3', time: '2018-03-11T20:26:55.152Z'
      System info: host: 'QTLSYS0-167-PC', ip: '192.168.0.167', os.name: 'Windows 10', os.arch: 'amd64', os.version: '10.0', java.version: '1.8.0_171'
      Driver info: org.openqa.selenium.ie.InternetExplorerDriver
      Capabilities {browserAttachTimeout: 0, browserName: internet explorer, cssSelectorsEnabled: true, elementScrollBehavior: 0, enableElementCacheCleanup: true, enablePersistentHover: true, handlesAlerts: true, ie.browserCommandLineSwitches: , ie.ensureCleanSession: false, ie.forceCreateProcessApi: false, ie.usePerProcessProxy: false, ignoreProtectedModeSettings: false, ignoreZoomSetting: false, initialBrowserUrl: http://localhost:45387/, javascriptEnabled: true, nativeEvents: true, platform: WINDOWS, platformName: WINDOWS, requireWindowFocus: false, takesScreenshot: true, unexpectedAlertBehaviour: dismiss, unhandledPromptBehavior: dismiss, version: 11}
      Session ID: 96fa3cd1-04d8-4be3-8ce6-d893538b1e50
      	at sun.reflect.NativeConstructorAccessorImpl.newInstance0(Native Method)
      	at sun.reflect.NativeConstructorAccessorImpl.newInstance(NativeConstructorAccessorImpl.java:62)
      	at sun.reflect.DelegatingConstructorAccessorImpl.newInstance(DelegatingConstructorAccessorImpl.java:45)
      	at java.lang.reflect.Constructor.newInstance(Constructor.java:423)
      	at org.openqa.selenium.remote.ErrorHandler.createThrowable(ErrorHandler.java:214)
      	at org.openqa.selenium.remote.ErrorHandler.throwIfResponseFailed(ErrorHandler.java:166)
      	at org.openqa.selenium.remote.http.JsonHttpResponseCodec.reconstructValue(JsonHttpResponseCodec.java:40)
      	at org.openqa.selenium.remote.http.AbstractHttpResponseCodec.decode(AbstractHttpResponseCodec.java:80)
      	at org.openqa.selenium.remote.http.AbstractHttpResponseCodec.decode(AbstractHttpResponseCodec.java:44)
      	at org.openqa.selenium.remote.HttpCommandExecutor.execute(HttpCommandExecutor.java:158)
      	at org.openqa.selenium.remote.service.DriverCommandExecutor.execute(DriverCommandExecutor.java:83)
      	at org.openqa.selenium.remote.RemoteWebDriver.execute(RemoteWebDriver.java:545)
      	at org.openqa.selenium.remote.RemoteWebDriver.get(RemoteWebDriver.java:273)
      	at stepDefinitions.Login.Login(Login.java:60)
      	at stepDefinitions.StepDefinations.login_into_CSR(StepDefinations.java:705)
      	at ?.And Login into CSR(login.feature:72)
      &amp#27;[0m
    &amp#27;[36mGiven &amp#27;[0m&amp#27;[36mRegistration of the Borrower PDL&amp#27;[0m                                                                              &amp#27;[90m# StepDefinations.Registration_of_the_Borrower_PDL()&amp#27;[0m
    &amp#27;[36mThen &amp#27;[0m&amp#27;[36mNew Loan taken for the user&amp#27;[0m                                                                                    &amp#27;[90m# StepDefinations.new_Loan_taken_for_the_user()&amp#27;[0m
    &amp#27;[36mAnd &amp#27;[0m&amp#27;[36mGet the Loan Date from History&amp#27;[0m                                                                                  &amp#27;[90m# StepDefinations.get_the_Loan_Date_from_History()&amp#27;[0m
    &amp#27;[36mThen &amp#27;[0m&amp#27;[36mAge the store to "&amp#27;[0m&amp#27;[36m&amp#27;[1m5&amp#27;[0m&amp#27;[36m"&amp#27;[0m                                                                                           &amp#27;[90m# StepDefinations.age_the_store_to_days(String)&amp#27;[0m
    &amp#27;[36mThen &amp#27;[0m&amp#27;[36mPartial Payment Same No&amp#27;[0m                                                                                        &amp#27;[90m# StepDefinations.partial_Payment_same_no()&amp#27;[0m
67

  Scenario: Advance =>Partial Payment with 2 tender types as CCK with diff numbers =>Transaction should not be processed &amp#27;[90m# login.feature:79&amp#27;[0m
    &amp#27;[32mGiven &amp#27;[0m&amp#27;[32mCA_PDL_055&amp#27;[0m                                                                                                     &amp#27;[90m# StepDefinations.CA_PDL_055()&amp#27;[0m
    &amp#27;[31mAnd &amp#27;[0m&amp#27;[31mLogin into CSR&amp#27;[0m                                                                                                   &amp#27;[90m# StepDefinations.login_into_CSR()&amp#27;[0m
      &amp#27;[31morg.openqa.selenium.NoSuchSessionException: session 96fa3cd1-04d8-4be3-8ce6-d893538b1e50 does not exist
      Command duration or timeout: 0 milliseconds
      Build info: version: '3.11.0', revision: 'e59cfb3', time: '2018-03-11T20:26:55.152Z'
      System info: host: 'QTLSYS0-167-PC', ip: '192.168.0.167', os.name: 'Windows 10', os.arch: 'amd64', os.version: '10.0', java.version: '1.8.0_171'
      Driver info: org.openqa.selenium.ie.InternetExplorerDriver
      Capabilities {browserAttachTimeout: 0, browserName: internet explorer, cssSelectorsEnabled: true, elementScrollBehavior: 0, enableElementCacheCleanup: true, enablePersistentHover: true, handlesAlerts: true, ie.browserCommandLineSwitches: , ie.ensureCleanSession: false, ie.forceCreateProcessApi: false, ie.usePerProcessProxy: false, ignoreProtectedModeSettings: false, ignoreZoomSetting: false, initialBrowserUrl: http://localhost:45387/, javascriptEnabled: true, nativeEvents: true, platform: WINDOWS, platformName: WINDOWS, requireWindowFocus: false, takesScreenshot: true, unexpectedAlertBehaviour: dismiss, unhandledPromptBehavior: dismiss, version: 11}
      Session ID: 96fa3cd1-04d8-4be3-8ce6-d893538b1e50
      	at sun.reflect.NativeConstructorAccessorImpl.newInstance0(Native Method)
      	at sun.reflect.NativeConstructorAccessorImpl.newInstance(NativeConstructorAccessorImpl.java:62)
      	at sun.reflect.DelegatingConstructorAccessorImpl.newInstance(DelegatingConstructorAccessorImpl.java:45)
      	at java.lang.reflect.Constructor.newInstance(Constructor.java:423)
      	at org.openqa.selenium.remote.ErrorHandler.createThrowable(ErrorHandler.java:214)
      	at org.openqa.selenium.remote.ErrorHandler.throwIfResponseFailed(ErrorHandler.java:166)
      	at org.openqa.selenium.remote.http.JsonHttpResponseCodec.reconstructValue(JsonHttpResponseCodec.java:40)
      	at org.openqa.selenium.remote.http.AbstractHttpResponseCodec.decode(AbstractHttpResponseCodec.java:80)
      	at org.openqa.selenium.remote.http.AbstractHttpResponseCodec.decode(AbstractHttpResponseCodec.java:44)
      	at org.openqa.selenium.remote.HttpCommandExecutor.execute(HttpCommandExecutor.java:158)
      	at org.openqa.selenium.remote.service.DriverCommandExecutor.execute(DriverCommandExecutor.java:83)
      	at org.openqa.selenium.remote.RemoteWebDriver.execute(RemoteWebDriver.java:545)
      	at org.openqa.selenium.remote.RemoteWebDriver.get(RemoteWebDriver.java:273)
      	at stepDefinitions.Login.Login(Login.java:60)
      	at stepDefinitions.StepDefinations.login_into_CSR(StepDefinations.java:705)
      	at ?.And Login into CSR(login.feature:81)
      &amp#27;[0m
    &amp#27;[36mGiven &amp#27;[0m&amp#27;[36mRegistration of the Borrower PDL&amp#27;[0m                                                                               &amp#27;[90m# StepDefinations.Registration_of_the_Borrower_PDL()&amp#27;[0m
    &amp#27;[36mThen &amp#27;[0m&amp#27;[36mNew Loan taken for the user&amp#27;[0m                                                                                     &amp#27;[90m# StepDefinations.new_Loan_taken_for_the_user()&amp#27;[0m
    &amp#27;[36mAnd &amp#27;[0m&amp#27;[36mGet the Loan Date from History&amp#27;[0m                                                                                   &amp#27;[90m# StepDefinations.get_the_Loan_Date_from_History()&amp#27;[0m
    &amp#27;[36mThen &amp#27;[0m&amp#27;[36mAge the store to "&amp#27;[0m&amp#27;[36m&amp#27;[1m5&amp#27;[0m&amp#27;[36m"&amp#27;[0m                                                                                            &amp#27;[90m# StepDefinations.age_the_store_to_days(String)&amp#27;[0m
    &amp#27;[36mThen &amp#27;[0m&amp#27;[36mPartial Payment Diff No&amp#27;[0m                                                                                         &amp#27;[90m# StepDefinations.partial_Payment_diff_no()&amp#27;[0m
67

  Scenario: Advance =>Partial Payment with 2 tender types as CCK and MO =>Transaction should be processed &amp#27;[90m# login.feature:88&amp#27;[0m
    &amp#27;[32mGiven &amp#27;[0m&amp#27;[32mCA_PDL_056&amp#27;[0m                                                                                      &amp#27;[90m# StepDefinations.CA_PDL_056()&amp#27;[0m
    &amp#27;[31mAnd &amp#27;[0m&amp#27;[31mLogin into CSR&amp#27;[0m                                                                                    &amp#27;[90m# StepDefinations.login_into_CSR()&amp#27;[0m
      &amp#27;[31morg.openqa.selenium.NoSuchSessionException: session 96fa3cd1-04d8-4be3-8ce6-d893538b1e50 does not exist
      Command duration or timeout: 0 milliseconds
      Build info: version: '3.11.0', revision: 'e59cfb3', time: '2018-03-11T20:26:55.152Z'
      System info: host: 'QTLSYS0-167-PC', ip: '192.168.0.167', os.name: 'Windows 10', os.arch: 'amd64', os.version: '10.0', java.version: '1.8.0_171'
      Driver info: org.openqa.selenium.ie.InternetExplorerDriver
      Capabilities {browserAttachTimeout: 0, browserName: internet explorer, cssSelectorsEnabled: true, elementScrollBehavior: 0, enableElementCacheCleanup: true, enablePersistentHover: true, handlesAlerts: true, ie.browserCommandLineSwitches: , ie.ensureCleanSession: false, ie.forceCreateProcessApi: false, ie.usePerProcessProxy: false, ignoreProtectedModeSettings: false, ignoreZoomSetting: false, initialBrowserUrl: http://localhost:45387/, javascriptEnabled: true, nativeEvents: true, platform: WINDOWS, platformName: WINDOWS, requireWindowFocus: false, takesScreenshot: true, unexpectedAlertBehaviour: dismiss, unhandledPromptBehavior: dismiss, version: 11}
      Session ID: 96fa3cd1-04d8-4be3-8ce6-d893538b1e50
      	at sun.reflect.NativeConstructorAccessorImpl.newInstance0(Native Method)
      	at sun.reflect.NativeConstructorAccessorImpl.newInstance(NativeConstructorAccessorImpl.java:62)
      	at sun.reflect.DelegatingConstructorAccessorImpl.newInstance(DelegatingConstructorAccessorImpl.java:45)
      	at java.lang.reflect.Constructor.newInstance(Constructor.java:423)
      	at org.openqa.selenium.remote.ErrorHandler.createThrowable(ErrorHandler.java:214)
      	at org.openqa.selenium.remote.ErrorHandler.throwIfResponseFailed(ErrorHandler.java:166)
      	at org.openqa.selenium.remote.http.JsonHttpResponseCodec.reconstructValue(JsonHttpResponseCodec.java:40)
      	at org.openqa.selenium.remote.http.AbstractHttpResponseCodec.decode(AbstractHttpResponseCodec.java:80)
      	at org.openqa.selenium.remote.http.AbstractHttpResponseCodec.decode(AbstractHttpResponseCodec.java:44)
      	at org.openqa.selenium.remote.HttpCommandExecutor.execute(HttpCommandExecutor.java:158)
      	at org.openqa.selenium.remote.service.DriverCommandExecutor.execute(DriverCommandExecutor.java:83)
      	at org.openqa.selenium.remote.RemoteWebDriver.execute(RemoteWebDriver.java:545)
      	at org.openqa.selenium.remote.RemoteWebDriver.get(RemoteWebDriver.java:273)
      	at stepDefinitions.Login.Login(Login.java:60)
      	at stepDefinitions.StepDefinations.login_into_CSR(StepDefinations.java:705)
      	at ?.And Login into CSR(login.feature:90)
      &amp#27;[0m
    &amp#27;[36mGiven &amp#27;[0m&amp#27;[36mRegistration of the Borrower PDL&amp#27;[0m                                                                &amp#27;[90m# StepDefinations.Registration_of_the_Borrower_PDL()&amp#27;[0m
    &amp#27;[36mThen &amp#27;[0m&amp#27;[36mNew Loan taken for the user&amp#27;[0m                                                                      &amp#27;[90m# StepDefinations.new_Loan_taken_for_the_user()&amp#27;[0m
    &amp#27;[36mAnd &amp#27;[0m&amp#27;[36mGet the Loan Date from History&amp#27;[0m                                                                    &amp#27;[90m# StepDefinations.get_the_Loan_Date_from_History()&amp#27;[0m
    &amp#27;[36mThen &amp#27;[0m&amp#27;[36mAge the store to "&amp#27;[0m&amp#27;[36m&amp#27;[1m5&amp#27;[0m&amp#27;[36m"&amp#27;[0m                                                                             &amp#27;[90m# StepDefinations.age_the_store_to_days(String)&amp#27;[0m
    &amp#27;[36mThen &amp#27;[0m&amp#27;[36mPartial Payment Diff No&amp#27;[0m                                                                          &amp#27;[90m# StepDefinations.partial_Payment_diff_no()&amp#27;[0m
67

  Scenario: Advance =>Partial Payment with 2 tender types as Cash =>Transaction should not be processed &amp#27;[90m# login.feature:97&amp#27;[0m
    &amp#27;[32mGiven &amp#27;[0m&amp#27;[32mCA_PDL_057&amp#27;[0m                                                                                    &amp#27;[90m# StepDefinations.CA_PDL_057()&amp#27;[0m
    &amp#27;[31mAnd &amp#27;[0m&amp#27;[31mLogin into CSR&amp#27;[0m                                                                                  &amp#27;[90m# StepDefinations.login_into_CSR()&amp#27;[0m
      &amp#27;[31morg.openqa.selenium.NoSuchSessionException: session 96fa3cd1-04d8-4be3-8ce6-d893538b1e50 does not exist
      Command duration or timeout: 0 milliseconds
      Build info: version: '3.11.0', revision: 'e59cfb3', time: '2018-03-11T20:26:55.152Z'
      System info: host: 'QTLSYS0-167-PC', ip: '192.168.0.167', os.name: 'Windows 10', os.arch: 'amd64', os.version: '10.0', java.version: '1.8.0_171'
      Driver info: org.openqa.selenium.ie.InternetExplorerDriver
      Capabilities {browserAttachTimeout: 0, browserName: internet explorer, cssSelectorsEnabled: true, elementScrollBehavior: 0, enableElementCacheCleanup: true, enablePersistentHover: true, handlesAlerts: true, ie.browserCommandLineSwitches: , ie.ensureCleanSession: false, ie.forceCreateProcessApi: false, ie.usePerProcessProxy: false, ignoreProtectedModeSettings: false, ignoreZoomSetting: false, initialBrowserUrl: http://localhost:45387/, javascriptEnabled: true, nativeEvents: true, platform: WINDOWS, platformName: WINDOWS, requireWindowFocus: false, takesScreenshot: true, unexpectedAlertBehaviour: dismiss, unhandledPromptBehavior: dismiss, version: 11}
      Session ID: 96fa3cd1-04d8-4be3-8ce6-d893538b1e50
      	at sun.reflect.NativeConstructorAccessorImpl.newInstance0(Native Method)
      	at sun.reflect.NativeConstructorAccessorImpl.newInstance(NativeConstructorAccessorImpl.java:62)
      	at sun.reflect.DelegatingConstructorAccessorImpl.newInstance(DelegatingConstructorAccessorImpl.java:45)
      	at java.lang.reflect.Constructor.newInstance(Constructor.java:423)
      	at org.openqa.selenium.remote.ErrorHandler.createThrowable(ErrorHandler.java:214)
      	at org.openqa.selenium.remote.ErrorHandler.throwIfResponseFailed(ErrorHandler.java:166)
      	at org.openqa.selenium.remote.http.JsonHttpResponseCodec.reconstructValue(JsonHttpResponseCodec.java:40)
      	at org.openqa.selenium.remote.http.AbstractHttpResponseCodec.decode(AbstractHttpResponseCodec.java:80)
      	at org.openqa.selenium.remote.http.AbstractHttpResponseCodec.decode(AbstractHttpResponseCodec.java:44)
      	at org.openqa.selenium.remote.HttpCommandExecutor.execute(HttpCommandExecutor.java:158)
      	at org.openqa.selenium.remote.service.DriverCommandExecutor.execute(DriverCommandExecutor.java:83)
      	at org.openqa.selenium.remote.RemoteWebDriver.execute(RemoteWebDriver.java:545)
      	at org.openqa.selenium.remote.RemoteWebDriver.get(RemoteWebDriver.java:273)
      	at stepDefinitions.Login.Login(Login.java:60)
      	at stepDefinitions.StepDefinations.login_into_CSR(StepDefinations.java:705)
      	at ?.And Login into CSR(login.feature:99)
      &amp#27;[0m
    &amp#27;[36mGiven &amp#27;[0m&amp#27;[36mRegistration of the Borrower PDL&amp#27;[0m                                                              &amp#27;[90m# StepDefinations.Registration_of_the_Borrower_PDL()&amp#27;[0m
    &amp#27;[36mThen &amp#27;[0m&amp#27;[36mNew Loan taken for the user&amp#27;[0m                                                                    &amp#27;[90m# StepDefinations.new_Loan_taken_for_the_user()&amp#27;[0m
    &amp#27;[36mAnd &amp#27;[0m&amp#27;[36mGet the Loan Date from History&amp#27;[0m                                                                  &amp#27;[90m# StepDefinations.get_the_Loan_Date_from_History()&amp#27;[0m
    &amp#27;[36mThen &amp#27;[0m&amp#27;[36mAge the store to "&amp#27;[0m&amp#27;[36m&amp#27;[1m5&amp#27;[0m&amp#27;[36m"&amp#27;[0m                                                                           &amp#27;[90m# StepDefinations.age_the_store_to_days(String)&amp#27;[0m
    &amp#27;[36mThen &amp#27;[0m&amp#27;[36mPartial Payment Diff No&amp#27;[0m                                                                        &amp#27;[90m# StepDefinations.partial_Payment_diff_no()&amp#27;[0m
67

  Scenario: Advance =>Partial Payment with tender types as Cash  =>Transaction should be processed &amp#27;[90m# login.feature:106&amp#27;[0m
    &amp#27;[32mGiven &amp#27;[0m&amp#27;[32mCA_PDL_058&amp#27;[0m                                                                               &amp#27;[90m# StepDefinations.CA_PDL_058()&amp#27;[0m
    &amp#27;[31mAnd &amp#27;[0m&amp#27;[31mLogin into CSR&amp#27;[0m                                                                             &amp#27;[90m# StepDefinations.login_into_CSR()&amp#27;[0m
      &amp#27;[31morg.openqa.selenium.NoSuchSessionException: session 96fa3cd1-04d8-4be3-8ce6-d893538b1e50 does not exist
      Command duration or timeout: 0 milliseconds
      Build info: version: '3.11.0', revision: 'e59cfb3', time: '2018-03-11T20:26:55.152Z'
      System info: host: 'QTLSYS0-167-PC', ip: '192.168.0.167', os.name: 'Windows 10', os.arch: 'amd64', os.version: '10.0', java.version: '1.8.0_171'
      Driver info: org.openqa.selenium.ie.InternetExplorerDriver
      Capabilities {browserAttachTimeout: 0, browserName: internet explorer, cssSelectorsEnabled: true, elementScrollBehavior: 0, enableElementCacheCleanup: true, enablePersistentHover: true, handlesAlerts: true, ie.browserCommandLineSwitches: , ie.ensureCleanSession: false, ie.forceCreateProcessApi: false, ie.usePerProcessProxy: false, ignoreProtectedModeSettings: false, ignoreZoomSetting: false, initialBrowserUrl: http://localhost:45387/, javascriptEnabled: true, nativeEvents: true, platform: WINDOWS, platformName: WINDOWS, requireWindowFocus: false, takesScreenshot: true, unexpectedAlertBehaviour: dismiss, unhandledPromptBehavior: dismiss, version: 11}
      Session ID: 96fa3cd1-04d8-4be3-8ce6-d893538b1e50
      	at sun.reflect.NativeConstructorAccessorImpl.newInstance0(Native Method)
      	at sun.reflect.NativeConstructorAccessorImpl.newInstance(NativeConstructorAccessorImpl.java:62)
      	at sun.reflect.DelegatingConstructorAccessorImpl.newInstance(DelegatingConstructorAccessorImpl.java:45)
      	at java.lang.reflect.Constructor.newInstance(Constructor.java:423)
      	at org.openqa.selenium.remote.ErrorHandler.createThrowable(ErrorHandler.java:214)
      	at org.openqa.selenium.remote.ErrorHandler.throwIfResponseFailed(ErrorHandler.java:166)
      	at org.openqa.selenium.remote.http.JsonHttpResponseCodec.reconstructValue(JsonHttpResponseCodec.java:40)
      	at org.openqa.selenium.remote.http.AbstractHttpResponseCodec.decode(AbstractHttpResponseCodec.java:80)
      	at org.openqa.selenium.remote.http.AbstractHttpResponseCodec.decode(AbstractHttpResponseCodec.java:44)
      	at org.openqa.selenium.remote.HttpCommandExecutor.execute(HttpCommandExecutor.java:158)
      	at org.openqa.selenium.remote.service.DriverCommandExecutor.execute(DriverCommandExecutor.java:83)
      	at org.openqa.selenium.remote.RemoteWebDriver.execute(RemoteWebDriver.java:545)
      	at org.openqa.selenium.remote.RemoteWebDriver.get(RemoteWebDriver.java:273)
      	at stepDefinitions.Login.Login(Login.java:60)
      	at stepDefinitions.StepDefinations.login_into_CSR(StepDefinations.java:705)
      	at ?.And Login into CSR(login.feature:108)
      &amp#27;[0m
    &amp#27;[36mGiven &amp#27;[0m&amp#27;[36mRegistration of the Borrower PDL&amp#27;[0m                                                         &amp#27;[90m# StepDefinations.Registration_of_the_Borrower_PDL()&amp#27;[0m
    &amp#27;[36mThen &amp#27;[0m&amp#27;[36mNew Loan taken for the user&amp#27;[0m                                                               &amp#27;[90m# StepDefinations.new_Loan_taken_for_the_user()&amp#27;[0m
    &amp#27;[36mAnd &amp#27;[0m&amp#27;[36mGet the Loan Date from History&amp#27;[0m                                                             &amp#27;[90m# StepDefinations.get_the_Loan_Date_from_History()&amp#27;[0m
    &amp#27;[36mThen &amp#27;[0m&amp#27;[36mAge the store to "&amp#27;[0m&amp#27;[36m&amp#27;[1m5&amp#27;[0m&amp#27;[36m"&amp#27;[0m                                                                      &amp#27;[90m# StepDefinations.age_the_store_to_days(String)&amp#27;[0m
    &amp#27;[36mThen &amp#27;[0m&amp#27;[36mPartial Payment&amp#27;[0m                                                                           &amp#27;[90m# StepDefinations.partial_Payment()&amp#27;[0m
67

  Scenario: Advance =>Partial Payment with tender types as CCK  =>Transaction should be processed &amp#27;[90m# login.feature:115&amp#27;[0m
    &amp#27;[32mGiven &amp#27;[0m&amp#27;[32mCA_PDL_059&amp#27;[0m                                                                              &amp#27;[90m# StepDefinations.CA_PDL_059()&amp#27;[0m
    &amp#27;[31mAnd &amp#27;[0m&amp#27;[31mLogin into CSR&amp#27;[0m                                                                            &amp#27;[90m# StepDefinations.login_into_CSR()&amp#27;[0m
      &amp#27;[31morg.openqa.selenium.NoSuchSessionException: session 96fa3cd1-04d8-4be3-8ce6-d893538b1e50 does not exist
      Command duration or timeout: 0 milliseconds
      Build info: version: '3.11.0', revision: 'e59cfb3', time: '2018-03-11T20:26:55.152Z'
      System info: host: 'QTLSYS0-167-PC', ip: '192.168.0.167', os.name: 'Windows 10', os.arch: 'amd64', os.version: '10.0', java.version: '1.8.0_171'
      Driver info: org.openqa.selenium.ie.InternetExplorerDriver
      Capabilities {browserAttachTimeout: 0, browserName: internet explorer, cssSelectorsEnabled: true, elementScrollBehavior: 0, enableElementCacheCleanup: true, enablePersistentHover: true, handlesAlerts: true, ie.browserCommandLineSwitches: , ie.ensureCleanSession: false, ie.forceCreateProcessApi: false, ie.usePerProcessProxy: false, ignoreProtectedModeSettings: false, ignoreZoomSetting: false, initialBrowserUrl: http://localhost:45387/, javascriptEnabled: true, nativeEvents: true, platform: WINDOWS, platformName: WINDOWS, requireWindowFocus: false, takesScreenshot: true, unexpectedAlertBehaviour: dismiss, unhandledPromptBehavior: dismiss, version: 11}
      Session ID: 96fa3cd1-04d8-4be3-8ce6-d893538b1e50
      	at sun.reflect.NativeConstructorAccessorImpl.newInstance0(Native Method)
      	at sun.reflect.NativeConstructorAccessorImpl.newInstance(NativeConstructorAccessorImpl.java:62)
      	at sun.reflect.DelegatingConstructorAccessorImpl.newInstance(DelegatingConstructorAccessorImpl.java:45)
      	at java.lang.reflect.Constructor.newInstance(Constructor.java:423)
      	at org.openqa.selenium.remote.ErrorHandler.createThrowable(ErrorHandler.java:214)
      	at org.openqa.selenium.remote.ErrorHandler.throwIfResponseFailed(ErrorHandler.java:166)
      	at org.openqa.selenium.remote.http.JsonHttpResponseCodec.reconstructValue(JsonHttpResponseCodec.java:40)
      	at org.openqa.selenium.remote.http.AbstractHttpResponseCodec.decode(AbstractHttpResponseCodec.java:80)
      	at org.openqa.selenium.remote.http.AbstractHttpResponseCodec.decode(AbstractHttpResponseCodec.java:44)
      	at org.openqa.selenium.remote.HttpCommandExecutor.execute(HttpCommandExecutor.java:158)
      	at org.openqa.selenium.remote.service.DriverCommandExecutor.execute(DriverCommandExecutor.java:83)
      	at org.openqa.selenium.remote.RemoteWebDriver.execute(RemoteWebDriver.java:545)
      	at org.openqa.selenium.remote.RemoteWebDriver.get(RemoteWebDriver.java:273)
      	at stepDefinitions.Login.Login(Login.java:60)
      	at stepDefinitions.StepDefinations.login_into_CSR(StepDefinations.java:705)
      	at ?.And Login into CSR(login.feature:117)
      &amp#27;[0m
    &amp#27;[36mGiven &amp#27;[0m&amp#27;[36mRegistration of the Borrower PDL&amp#27;[0m                                                        &amp#27;[90m# StepDefinations.Registration_of_the_Borrower_PDL()&amp#27;[0m
    &amp#27;[36mThen &amp#27;[0m&amp#27;[36mNew Loan taken for the user&amp#27;[0m                                                              &amp#27;[90m# StepDefinations.new_Loan_taken_for_the_user()&amp#27;[0m
    &amp#27;[36mAnd &amp#27;[0m&amp#27;[36mGet the Loan Date from History&amp#27;[0m                                                            &amp#27;[90m# StepDefinations.get_the_Loan_Date_from_History()&amp#27;[0m
    &amp#27;[36mThen &amp#27;[0m&amp#27;[36mAge the store to "&amp#27;[0m&amp#27;[36m&amp#27;[1m5&amp#27;[0m&amp#27;[36m"&amp#27;[0m                                                                     &amp#27;[90m# StepDefinations.age_the_store_to_days(String)&amp#27;[0m
    &amp#27;[36mThen &amp#27;[0m&amp#27;[36mPartial Payment&amp#27;[0m                                                                          &amp#27;[90m# StepDefinations.partial_Payment()&amp#27;[0m
67

  Scenario: Advance =>Partial Payment with tender types as CK  =>Transaction should be processed &amp#27;[90m# login.feature:124&amp#27;[0m
    &amp#27;[32mGiven &amp#27;[0m&amp#27;[32mCA_PDL_060&amp#27;[0m                                                                             &amp#27;[90m# StepDefinations.CA_PDL_060()&amp#27;[0m
    &amp#27;[31mAnd &amp#27;[0m&amp#27;[31mLogin into CSR&amp#27;[0m                                                                           &amp#27;[90m# StepDefinations.login_into_CSR()&amp#27;[0m
      &amp#27;[31morg.openqa.selenium.NoSuchSessionException: session 96fa3cd1-04d8-4be3-8ce6-d893538b1e50 does not exist
      Command duration or timeout: 0 milliseconds
      Build info: version: '3.11.0', revision: 'e59cfb3', time: '2018-03-11T20:26:55.152Z'
      System info: host: 'QTLSYS0-167-PC', ip: '192.168.0.167', os.name: 'Windows 10', os.arch: 'amd64', os.version: '10.0', java.version: '1.8.0_171'
      Driver info: org.openqa.selenium.ie.InternetExplorerDriver
      Capabilities {browserAttachTimeout: 0, browserName: internet explorer, cssSelectorsEnabled: true, elementScrollBehavior: 0, enableElementCacheCleanup: true, enablePersistentHover: true, handlesAlerts: true, ie.browserCommandLineSwitches: , ie.ensureCleanSession: false, ie.forceCreateProcessApi: false, ie.usePerProcessProxy: false, ignoreProtectedModeSettings: false, ignoreZoomSetting: false, initialBrowserUrl: http://localhost:45387/, javascriptEnabled: true, nativeEvents: true, platform: WINDOWS, platformName: WINDOWS, requireWindowFocus: false, takesScreenshot: true, unexpectedAlertBehaviour: dismiss, unhandledPromptBehavior: dismiss, version: 11}
      Session ID: 96fa3cd1-04d8-4be3-8ce6-d893538b1e50
      	at sun.reflect.NativeConstructorAccessorImpl.newInstance0(Native Method)
      	at sun.reflect.NativeConstructorAccessorImpl.newInstance(NativeConstructorAccessorImpl.java:62)
      	at sun.reflect.DelegatingConstructorAccessorImpl.newInstance(DelegatingConstructorAccessorImpl.java:45)
      	at java.lang.reflect.Constructor.newInstance(Constructor.java:423)
      	at org.openqa.selenium.remote.ErrorHandler.createThrowable(ErrorHandler.java:214)
      	at org.openqa.selenium.remote.ErrorHandler.throwIfResponseFailed(ErrorHandler.java:166)
      	at org.openqa.selenium.remote.http.JsonHttpResponseCodec.reconstructValue(JsonHttpResponseCodec.java:40)
      	at org.openqa.selenium.remote.http.AbstractHttpResponseCodec.decode(AbstractHttpResponseCodec.java:80)
      	at org.openqa.selenium.remote.http.AbstractHttpResponseCodec.decode(AbstractHttpResponseCodec.java:44)
      	at org.openqa.selenium.remote.HttpCommandExecutor.execute(HttpCommandExecutor.java:158)
      	at org.openqa.selenium.remote.service.DriverCommandExecutor.execute(DriverCommandExecutor.java:83)
      	at org.openqa.selenium.remote.RemoteWebDriver.execute(RemoteWebDriver.java:545)
      	at org.openqa.selenium.remote.RemoteWebDriver.get(RemoteWebDriver.java:273)
      	at stepDefinitions.Login.Login(Login.java:60)
      	at stepDefinitions.StepDefinations.login_into_CSR(StepDefinations.java:705)
      	at ?.And Login into CSR(login.feature:126)
      &amp#27;[0m
    &amp#27;[36mGiven &amp#27;[0m&amp#27;[36mRegistration of the Borrower PDL&amp#27;[0m                                                       &amp#27;[90m# StepDefinations.Registration_of_the_Borrower_PDL()&amp#27;[0m
    &amp#27;[36mThen &amp#27;[0m&amp#27;[36mNew Loan taken for the user&amp#27;[0m                                                             &amp#27;[90m# StepDefinations.new_Loan_taken_for_the_user()&amp#27;[0m
    &amp#27;[36mAnd &amp#27;[0m&amp#27;[36mGet the Loan Date from History&amp#27;[0m                                                           &amp#27;[90m# StepDefinations.get_the_Loan_Date_from_History()&amp#27;[0m
    &amp#27;[36mThen &amp#27;[0m&amp#27;[36mAge the store to "&amp#27;[0m&amp#27;[36m&amp#27;[1m5&amp#27;[0m&amp#27;[36m"&amp#27;[0m                                                                    &amp#27;[90m# StepDefinations.age_the_store_to_days(String)&amp#27;[0m
    &amp#27;[36mThen &amp#27;[0m&amp#27;[36mPartial Payment&amp#27;[0m                                                                         &amp#27;[90m# StepDefinations.partial_Payment()&amp#27;[0m
67

  Scenario: Advance =>Partial Payment with tender types as MO  =>Transaction should be processed &amp#27;[90m# login.feature:133&amp#27;[0m
    &amp#27;[32mGiven &amp#27;[0m&amp#27;[32mCA_PDL_061&amp#27;[0m                                                                             &amp#27;[90m# StepDefinations.CA_PDL_061()&amp#27;[0m
    &amp#27;[31mAnd &amp#27;[0m&amp#27;[31mLogin into CSR&amp#27;[0m                                                                           &amp#27;[90m# StepDefinations.login_into_CSR()&amp#27;[0m
      &amp#27;[31morg.openqa.selenium.NoSuchSessionException: session 96fa3cd1-04d8-4be3-8ce6-d893538b1e50 does not exist
      Command duration or timeout: 0 milliseconds
      Build info: version: '3.11.0', revision: 'e59cfb3', time: '2018-03-11T20:26:55.152Z'
      System info: host: 'QTLSYS0-167-PC', ip: '192.168.0.167', os.name: 'Windows 10', os.arch: 'amd64', os.version: '10.0', java.version: '1.8.0_171'
      Driver info: org.openqa.selenium.ie.InternetExplorerDriver
      Capabilities {browserAttachTimeout: 0, browserName: internet explorer, cssSelectorsEnabled: true, elementScrollBehavior: 0, enableElementCacheCleanup: true, enablePersistentHover: true, handlesAlerts: true, ie.browserCommandLineSwitches: , ie.ensureCleanSession: false, ie.forceCreateProcessApi: false, ie.usePerProcessProxy: false, ignoreProtectedModeSettings: false, ignoreZoomSetting: false, initialBrowserUrl: http://localhost:45387/, javascriptEnabled: true, nativeEvents: true, platform: WINDOWS, platformName: WINDOWS, requireWindowFocus: false, takesScreenshot: true, unexpectedAlertBehaviour: dismiss, unhandledPromptBehavior: dismiss, version: 11}
      Session ID: 96fa3cd1-04d8-4be3-8ce6-d893538b1e50
      	at sun.reflect.NativeConstructorAccessorImpl.newInstance0(Native Method)
      	at sun.reflect.NativeConstructorAccessorImpl.newInstance(NativeConstructorAccessorImpl.java:62)
      	at sun.reflect.DelegatingConstructorAccessorImpl.newInstance(DelegatingConstructorAccessorImpl.java:45)
      	at java.lang.reflect.Constructor.newInstance(Constructor.java:423)
      	at org.openqa.selenium.remote.ErrorHandler.createThrowable(ErrorHandler.java:214)
      	at org.openqa.selenium.remote.ErrorHandler.throwIfResponseFailed(ErrorHandler.java:166)
      	at org.openqa.selenium.remote.http.JsonHttpResponseCodec.reconstructValue(JsonHttpResponseCodec.java:40)
      	at org.openqa.selenium.remote.http.AbstractHttpResponseCodec.decode(AbstractHttpResponseCodec.java:80)
      	at org.openqa.selenium.remote.http.AbstractHttpResponseCodec.decode(AbstractHttpResponseCodec.java:44)
      	at org.openqa.selenium.remote.HttpCommandExecutor.execute(HttpCommandExecutor.java:158)
      	at org.openqa.selenium.remote.service.DriverCommandExecutor.execute(DriverCommandExecutor.java:83)
      	at org.openqa.selenium.remote.RemoteWebDriver.execute(RemoteWebDriver.java:545)
      	at org.openqa.selenium.remote.RemoteWebDriver.get(RemoteWebDriver.java:273)
      	at stepDefinitions.Login.Login(Login.java:60)
      	at stepDefinitions.StepDefinations.login_into_CSR(StepDefinations.java:705)
      	at ?.And Login into CSR(login.feature:135)
      &amp#27;[0m
    &amp#27;[36mGiven &amp#27;[0m&amp#27;[36mRegistration of the Borrower PDL&amp#27;[0m                                                       &amp#27;[90m# StepDefinations.Registration_of_the_Borrower_PDL()&amp#27;[0m
    &amp#27;[36mThen &amp#27;[0m&amp#27;[36mNew Loan taken for the user&amp#27;[0m                                                             &amp#27;[90m# StepDefinations.new_Loan_taken_for_the_user()&amp#27;[0m
    &amp#27;[36mAnd &amp#27;[0m&amp#27;[36mGet the Loan Date from History&amp#27;[0m                                                           &amp#27;[90m# StepDefinations.get_the_Loan_Date_from_History()&amp#27;[0m
    &amp#27;[36mThen &amp#27;[0m&amp#27;[36mAge the store to "&amp#27;[0m&amp#27;[36m&amp#27;[1m5&amp#27;[0m&amp#27;[36m"&amp#27;[0m                                                                    &amp#27;[90m# StepDefinations.age_the_store_to_days(String)&amp#27;[0m
    &amp#27;[36mThen &amp#27;[0m&amp#27;[36mPartial Payment&amp#27;[0m                                                                         &amp#27;[90m# StepDefinations.partial_Payment()&amp#27;[0m
67

  Scenario: Loan -- Age the store up to some days before due date --Partial Payment with cash –Void &amp#27;[90m# login.feature:142&amp#27;[0m
    &amp#27;[32mGiven &amp#27;[0m&amp#27;[32mCA_PDL_066&amp#27;[0m                                                                                &amp#27;[90m# StepDefinations.CA_PDL_066()&amp#27;[0m
    &amp#27;[31mAnd &amp#27;[0m&amp#27;[31mLogin into CSR&amp#27;[0m                                                                              &amp#27;[90m# StepDefinations.login_into_CSR()&amp#27;[0m
      &amp#27;[31morg.openqa.selenium.NoSuchSessionException: session 96fa3cd1-04d8-4be3-8ce6-d893538b1e50 does not exist
      Command duration or timeout: 0 milliseconds
      Build info: version: '3.11.0', revision: 'e59cfb3', time: '2018-03-11T20:26:55.152Z'
      System info: host: 'QTLSYS0-167-PC', ip: '192.168.0.167', os.name: 'Windows 10', os.arch: 'amd64', os.version: '10.0', java.version: '1.8.0_171'
      Driver info: org.openqa.selenium.ie.InternetExplorerDriver
      Capabilities {browserAttachTimeout: 0, browserName: internet explorer, cssSelectorsEnabled: true, elementScrollBehavior: 0, enableElementCacheCleanup: true, enablePersistentHover: true, handlesAlerts: true, ie.browserCommandLineSwitches: , ie.ensureCleanSession: false, ie.forceCreateProcessApi: false, ie.usePerProcessProxy: false, ignoreProtectedModeSettings: false, ignoreZoomSetting: false, initialBrowserUrl: http://localhost:45387/, javascriptEnabled: true, nativeEvents: true, platform: WINDOWS, platformName: WINDOWS, requireWindowFocus: false, takesScreenshot: true, unexpectedAlertBehaviour: dismiss, unhandledPromptBehavior: dismiss, version: 11}
      Session ID: 96fa3cd1-04d8-4be3-8ce6-d893538b1e50
      	at sun.reflect.NativeConstructorAccessorImpl.newInstance0(Native Method)
      	at sun.reflect.NativeConstructorAccessorImpl.newInstance(NativeConstructorAccessorImpl.java:62)
      	at sun.reflect.DelegatingConstructorAccessorImpl.newInstance(DelegatingConstructorAccessorImpl.java:45)
      	at java.lang.reflect.Constructor.newInstance(Constructor.java:423)
      	at org.openqa.selenium.remote.ErrorHandler.createThrowable(ErrorHandler.java:214)
      	at org.openqa.selenium.remote.ErrorHandler.throwIfResponseFailed(ErrorHandler.java:166)
      	at org.openqa.selenium.remote.http.JsonHttpResponseCodec.reconstructValue(JsonHttpResponseCodec.java:40)
      	at org.openqa.selenium.remote.http.AbstractHttpResponseCodec.decode(AbstractHttpResponseCodec.java:80)
      	at org.openqa.selenium.remote.http.AbstractHttpResponseCodec.decode(AbstractHttpResponseCodec.java:44)
      	at org.openqa.selenium.remote.HttpCommandExecutor.execute(HttpCommandExecutor.java:158)
      	at org.openqa.selenium.remote.service.DriverCommandExecutor.execute(DriverCommandExecutor.java:83)
      	at org.openqa.selenium.remote.RemoteWebDriver.execute(RemoteWebDriver.java:545)
      	at org.openqa.selenium.remote.RemoteWebDriver.get(RemoteWebDriver.java:273)
      	at stepDefinitions.Login.Login(Login.java:60)
      	at stepDefinitions.StepDefinations.login_into_CSR(StepDefinations.java:705)
      	at ?.And Login into CSR(login.feature:144)
      &amp#27;[0m
    &amp#27;[36mGiven &amp#27;[0m&amp#27;[36mRegistration of the Borrower PDL&amp#27;[0m                                                          &amp#27;[90m# StepDefinations.Registration_of_the_Borrower_PDL()&amp#27;[0m
    &amp#27;[36mThen &amp#27;[0m&amp#27;[36mNew Loan taken for the user&amp#27;[0m                                                                &amp#27;[90m# StepDefinations.new_Loan_taken_for_the_user()&amp#27;[0m
    &amp#27;[36mAnd &amp#27;[0m&amp#27;[36mGet the Loan Date from History&amp#27;[0m                                                              &amp#27;[90m# StepDefinations.get_the_Loan_Date_from_History()&amp#27;[0m
    &amp#27;[36mThen &amp#27;[0m&amp#27;[36mAge the store to "&amp#27;[0m&amp#27;[36m&amp#27;[1m5&amp#27;[0m&amp#27;[36m"&amp#27;[0m                                                                       &amp#27;[90m# StepDefinations.age_the_store_to_days(String)&amp#27;[0m
    &amp#27;[36mThen &amp#27;[0m&amp#27;[36mPartial Payment&amp#27;[0m                                                                            &amp#27;[90m# StepDefinations.partial_Payment()&amp#27;[0m
    &amp#27;[36mThen &amp#27;[0m&amp#27;[36mVoid the transaction&amp#27;[0m                                                                       &amp#27;[90m# StepDefinations.void_the_transaction()&amp#27;[0m
67

  Scenario: Loan -- Advance =>Partial Payment with 2 tender types as CCK and MO =>Transaction should be processed => Void with original tender &amp#27;[90m# login.feature:152&amp#27;[0m
    &amp#27;[32mGiven &amp#27;[0m&amp#27;[32mCA_PDL_067&amp#27;[0m                                                                                                                           &amp#27;[90m# StepDefinations.CA_PDL_067()&amp#27;[0m
    &amp#27;[31mAnd &amp#27;[0m&amp#27;[31mLogin into CSR&amp#27;[0m                                                                                                                         &amp#27;[90m# StepDefinations.login_into_CSR()&amp#27;[0m
      &amp#27;[31morg.openqa.selenium.NoSuchSessionException: session 96fa3cd1-04d8-4be3-8ce6-d893538b1e50 does not exist
      Command duration or timeout: 0 milliseconds
      Build info: version: '3.11.0', revision: 'e59cfb3', time: '2018-03-11T20:26:55.152Z'
      System info: host: 'QTLSYS0-167-PC', ip: '192.168.0.167', os.name: 'Windows 10', os.arch: 'amd64', os.version: '10.0', java.version: '1.8.0_171'
      Driver info: org.openqa.selenium.ie.InternetExplorerDriver
      Capabilities {browserAttachTimeout: 0, browserName: internet explorer, cssSelectorsEnabled: true, elementScrollBehavior: 0, enableElementCacheCleanup: true, enablePersistentHover: true, handlesAlerts: true, ie.browserCommandLineSwitches: , ie.ensureCleanSession: false, ie.forceCreateProcessApi: false, ie.usePerProcessProxy: false, ignoreProtectedModeSettings: false, ignoreZoomSetting: false, initialBrowserUrl: http://localhost:45387/, javascriptEnabled: true, nativeEvents: true, platform: WINDOWS, platformName: WINDOWS, requireWindowFocus: false, takesScreenshot: true, unexpectedAlertBehaviour: dismiss, unhandledPromptBehavior: dismiss, version: 11}
      Session ID: 96fa3cd1-04d8-4be3-8ce6-d893538b1e50
      	at sun.reflect.NativeConstructorAccessorImpl.newInstance0(Native Method)
      	at sun.reflect.NativeConstructorAccessorImpl.newInstance(NativeConstructorAccessorImpl.java:62)
      	at sun.reflect.DelegatingConstructorAccessorImpl.newInstance(DelegatingConstructorAccessorImpl.java:45)
      	at java.lang.reflect.Constructor.newInstance(Constructor.java:423)
      	at org.openqa.selenium.remote.ErrorHandler.createThrowable(ErrorHandler.java:214)
      	at org.openqa.selenium.remote.ErrorHandler.throwIfResponseFailed(ErrorHandler.java:166)
      	at org.openqa.selenium.remote.http.JsonHttpResponseCodec.reconstructValue(JsonHttpResponseCodec.java:40)
      	at org.openqa.selenium.remote.http.AbstractHttpResponseCodec.decode(AbstractHttpResponseCodec.java:80)
      	at org.openqa.selenium.remote.http.AbstractHttpResponseCodec.decode(AbstractHttpResponseCodec.java:44)
      	at org.openqa.selenium.remote.HttpCommandExecutor.execute(HttpCommandExecutor.java:158)
      	at org.openqa.selenium.remote.service.DriverCommandExecutor.execute(DriverCommandExecutor.java:83)
      	at org.openqa.selenium.remote.RemoteWebDriver.execute(RemoteWebDriver.java:545)
      	at org.openqa.selenium.remote.RemoteWebDriver.get(RemoteWebDriver.java:273)
      	at stepDefinitions.Login.Login(Login.java:60)
      	at stepDefinitions.StepDefinations.login_into_CSR(StepDefinations.java:705)
      	at ?.And Login into CSR(login.feature:154)
      &amp#27;[0m
    &amp#27;[36mGiven &amp#27;[0m&amp#27;[36mRegistration of the Borrower PDL&amp#27;[0m                                                                                                     &amp#27;[90m# StepDefinations.Registration_of_the_Borrower_PDL()&amp#27;[0m
    &amp#27;[36mThen &amp#27;[0m&amp#27;[36mNew Loan taken for the user&amp#27;[0m                                                                                                           &amp#27;[90m# StepDefinations.new_Loan_taken_for_the_user()&amp#27;[0m
    &amp#27;[36mAnd &amp#27;[0m&amp#27;[36mGet the Loan Date from History&amp#27;[0m                                                                                                         &amp#27;[90m# StepDefinations.get_the_Loan_Date_from_History()&amp#27;[0m
    &amp#27;[36mThen &amp#27;[0m&amp#27;[36mAge the store to "&amp#27;[0m&amp#27;[36m&amp#27;[1m5&amp#27;[0m&amp#27;[36m"&amp#27;[0m                                                                                                                  &amp#27;[90m# StepDefinations.age_the_store_to_days(String)&amp#27;[0m
    &amp#27;[36mThen &amp#27;[0m&amp#27;[36mPartial Payment&amp#27;[0m                                                                                                                       &amp#27;[90m# StepDefinations.partial_Payment()&amp#27;[0m
    &amp#27;[36mThen &amp#27;[0m&amp#27;[36mVoid the transaction&amp#27;[0m                                                                                                                  &amp#27;[90m# StepDefinations.void_the_transaction()&amp#27;[0m
67

  Scenario: Loan -- Advance =>Partial Payment with 2 tender types as CCK and MO =>Transaction should be processed => Void with Cash &amp#27;[90m# login.feature:162&amp#27;[0m
    &amp#27;[32mGiven &amp#27;[0m&amp#27;[32mCA_PDL_068&amp#27;[0m                                                                                                                &amp#27;[90m# StepDefinations.CA_PDL_068()&amp#27;[0m
    &amp#27;[31mAnd &amp#27;[0m&amp#27;[31mLogin into CSR&amp#27;[0m                                                                                                              &amp#27;[90m# StepDefinations.login_into_CSR()&amp#27;[0m
      &amp#27;[31morg.openqa.selenium.NoSuchSessionException: session 96fa3cd1-04d8-4be3-8ce6-d893538b1e50 does not exist
      Command duration or timeout: 0 milliseconds
      Build info: version: '3.11.0', revision: 'e59cfb3', time: '2018-03-11T20:26:55.152Z'
      System info: host: 'QTLSYS0-167-PC', ip: '192.168.0.167', os.name: 'Windows 10', os.arch: 'amd64', os.version: '10.0', java.version: '1.8.0_171'
      Driver info: org.openqa.selenium.ie.InternetExplorerDriver
      Capabilities {browserAttachTimeout: 0, browserName: internet explorer, cssSelectorsEnabled: true, elementScrollBehavior: 0, enableElementCacheCleanup: true, enablePersistentHover: true, handlesAlerts: true, ie.browserCommandLineSwitches: , ie.ensureCleanSession: false, ie.forceCreateProcessApi: false, ie.usePerProcessProxy: false, ignoreProtectedModeSettings: false, ignoreZoomSetting: false, initialBrowserUrl: http://localhost:45387/, javascriptEnabled: true, nativeEvents: true, platform: WINDOWS, platformName: WINDOWS, requireWindowFocus: false, takesScreenshot: true, unexpectedAlertBehaviour: dismiss, unhandledPromptBehavior: dismiss, version: 11}
      Session ID: 96fa3cd1-04d8-4be3-8ce6-d893538b1e50
      	at sun.reflect.NativeConstructorAccessorImpl.newInstance0(Native Method)
      	at sun.reflect.NativeConstructorAccessorImpl.newInstance(NativeConstructorAccessorImpl.java:62)
      	at sun.reflect.DelegatingConstructorAccessorImpl.newInstance(DelegatingConstructorAccessorImpl.java:45)
[...]
java.lang.NullPointerException
java.lang.NullPointerException
java.lang.NullPointerException
java.lang.NullPointerException
java.lang.NullPointerException
java.lang.NullPointerException
java.lang.NullPointerException
java.lang.NullPointerException
java.lang.NullPointerException
java.lang.NullPointerException
java.lang.NullPointerException
java.lang.NullPointerException
java.lang.NullPointerException
java.lang.NullPointerException
java.lang.NullPointerException
java.lang.NullPointerException
java.lang.NullPointerException
java.lang.NullPointerException
java.lang.NullPointerException
java.lang.NullPointerException
java.lang.NullPointerException
java.lang.NullPointerException
java.lang.NullPointerException
java.lang.NullPointerException
java.lang.NullPointerException
java.lang.NullPointerException
java.lang.NullPointerException
java.lang.NullPointerException
java.lang.NullPointerException
java.lang.NullPointerException
java.lang.NullPointerException
java.lang.NullPointerException
java.lang.NullPointerException
java.lang.NullPointerException
java.lang.NullPointerException
java.lang.NullPointerException
java.lang.NullPointerException
java.lang.NullPointerException
java.lang.NullPointerException
java.lang.NullPointerException
java.lang.NullPointerException
java.lang.NullPointerException
java.lang.NullPointerException
java.lang.NullPointerException
java.lang.NullPointerException
java.lang.NullPointerException
java.lang.NullPointerException
java.lang.NullPointerException
java.lang.NullPointerException
java.lang.NullPointerException
java.lang.NullPointerException
java.lang.NullPointerException
java.lang.NullPointerException
java.lang.NullPointerException
java.lang.NullPointerException
java.lang.NullPointerException
java.lang.NullPointerException
java.lang.NullPointerException
java.lang.NullPointerException
java.lang.NullPointerException
java.lang.NullPointerException
java.lang.NullPointerException
java.lang.NullPointerException
java.lang.NullPointerException
java.lang.NullPointerException
java.lang.NullPointerException
java.lang.NullPointerException
java.lang.NullPointerException
java.lang.NullPointerException
java.lang.NullPointerException
java.lang.NullPointerException
java.lang.NullPointerException
java.lang.NullPointerException
java.lang.NullPointerException
java.lang.NullPointerException
java.lang.NullPointerException
java.lang.NullPointerException
java.lang.NullPointerException
java.lang.NullPointerException
java.lang.NullPointerException
java.lang.NullPointerException
java.lang.NullPointerException
java.lang.NullPointerException
java.lang.NullPointerException
java.lang.NullPointerException
java.lang.NullPointerException
java.lang.NullPointerException
java.lang.NullPointerException
java.lang.NullPointerException
java.lang.NullPointerException
java.lang.NullPointerException
java.lang.NullPointerException
java.lang.NullPointerException
java.lang.NullPointerException
java.lang.NullPointerException
java.lang.NullPointerException
java.lang.NullPointerException
java.lang.NullPointerException
java.lang.NullPointerException
java.lang.NullPointerException
java.lang.NullPointerException
java.lang.NullPointerException
java.lang.NullPointerException
java.lang.NullPointerException
java.lang.NullPointerException
java.lang.NullPointerException
java.lang.NullPointerException
java.lang.NullPointerException
java.lang.NullPointerException
java.lang.NullPointerException
java.lang.NullPointerException
java.lang.NullPointerException
java.lang.NullPointerException
java.lang.NullPointerException
java.lang.NullPointerException
java.lang.NullPointerException
java.lang.NullPointerException
java.lang.NullPointerException
java.lang.NullPointerException
java.lang.NullPointerException
java.lang.NullPointerException
java.lang.NullPointerException
java.lang.NullPointerException
java.lang.NullPointerException
java.lang.NullPointerException
java.lang.NullPointerException
java.lang.NullPointerException
java.lang.NullPointerException
java.lang.NullPointerException
java.lang.NullPointerException
java.lang.NullPointerException
java.lang.NullPointerException
java.lang.NullPointerException
java.lang.NullPointerException
java.lang.NullPointerException
java.lang.NullPointerException
java.lang.NullPointerException
java.lang.NullPointerException
java.lang.NullPointerException
java.lang.NullPointerException
java.lang.NullPointerException
java.lang.NullPointerException
java.lang.NullPointerException
java.lang.NullPointerException
java.lang.NullPointerException
java.lang.NullPointerException
java.lang.NullPointerException
java.lang.NullPointerException
java.lang.NullPointerException
java.lang.NullPointerException
java.lang.NullPointerException
java.lang.NullPointerException
java.lang.NullPointerException
java.lang.NullPointerException
java.lang.NullPointerException
java.lang.NullPointerException
java.lang.NullPointerException
java.lang.NullPointerException
java.lang.NullPointerException
java.lang.NullPointerException
java.lang.NullPointerException
java.lang.NullPointerException
java.lang.NullPointerException
java.lang.NullPointerException
java.lang.NullPointerException
java.lang.NullPointerException
java.lang.NullPointerException
java.lang.NullPointerException
java.lang.NullPointerException
java.lang.NullPointerException
java.lang.NullPointerException
java.lang.NullPointerException
java.lang.NullPointerException
java.lang.NullPointerException
java.lang.NullPointerException
java.lang.NullPointerException
java.lang.NullPointerException
java.lang.NullPointerException
java.lang.NullPointerException
java.lang.NullPointerException
java.lang.NullPointerException
java.lang.NullPointerException
java.lang.NullPointerException
java.lang.NullPointerException
java.lang.NullPointerException
java.lang.NullPointerException
java.lang.NullPointerException
java.lang.NullPointerException
java.lang.NullPointerException
java.lang.NullPointerException
java.lang.NullPointerException
java.lang.NullPointerException
java.lang.NullPointerException
java.lang.NullPointerException
java.lang.NullPointerException
java.lang.NullPointerException
java.lang.NullPointerException
java.lang.NullPointerException
java.lang.NullPointerException
java.lang.NullPointerException
java.lang.NullPointerException
java.lang.NullPointerException
java.lang.NullPointerException
java.lang.NullPointerException
java.lang.NullPointerException
java.lang.NullPointerException
java.lang.NullPointerException
java.lang.NullPointerException
java.lang.NullPointerException
java.lang.NullPointerException
java.lang.NullPointerException
java.lang.NullPointerException
java.lang.NullPointerException
java.lang.NullPointerException
java.lang.NullPointerException
java.lang.NullPointerException
java.lang.NullPointerException
java.lang.NullPointerException
java.lang.NullPointerException
java.lang.NullPointerException
java.lang.NullPointerException
java.lang.NullPointerException
java.lang.NullPointerException
java.lang.NullPointerException
java.lang.NullPointerException
java.lang.NullPointerException
java.lang.NullPointerException
java.lang.NullPointerException
java.lang.NullPointerException
java.lang.NullPointerException
java.lang.NullPointerException
java.lang.NullPointerException
java.lang.NullPointerException
java.lang.NullPointerException
java.lang.NullPointerException
java.lang.NullPointerException
java.lang.NullPointerException
java.lang.NullPointerException
java.lang.NullPointerException
java.lang.NullPointerException
java.lang.NullPointerException
java.lang.NullPointerException
java.lang.NullPointerException
java.lang.NullPointerException
java.lang.NullPointerException
java.lang.NullPointerException
java.lang.NullPointerException
java.lang.NullPointerException
java.lang.NullPointerException
java.lang.NullPointerException
java.lang.NullPointerException
java.lang.NullPointerException
java.lang.NullPointerException
java.lang.NullPointerException
java.lang.NullPointerException
java.lang.NullPointerException
java.lang.NullPointerException
java.lang.NullPointerException
java.lang.NullPointerException
java.lang.NullPointerException
java.lang.NullPointerException
java.lang.NullPointerException
java.lang.NullPointerException
java.lang.NullPointerException
java.lang.NullPointerException
java.lang.NullPointerException
java.lang.NullPointerException
java.lang.NullPointerException
java.lang.NullPointerException
java.lang.NullPointerException
java.lang.NullPointerException
java.lang.NullPointerException
java.lang.NullPointerException
java.lang.NullPointerException
java.lang.NullPointerException
java.lang.NullPointerException
java.lang.NullPointerException
java.lang.NullPointerException
java.lang.NullPointerException
java.lang.NullPointerException
java.lang.NullPointerException
java.lang.NullPointerException
java.lang.NullPointerException
java.lang.NullPointerException
java.lang.NullPointerException
java.lang.NullPointerException
java.lang.NullPointerException
java.lang.NullPointerException
java.lang.NullPointerException
java.lang.NullPointerException
java.lang.NullPointerException
java.lang.NullPointerException
java.lang.NullPointerException
java.lang.NullPointerException
java.lang.NullPointerException
java.lang.NullPointerException
java.lang.NullPointerException
java.lang.NullPointerException
java.lang.NullPointerException
java.lang.NullPointerException
java.lang.NullPointerException
java.lang.NullPointerException
java.lang.NullPointerException
java.lang.NullPointerException
java.lang.NullPointerException
java.lang.NullPointerException
java.lang.NullPointerException
java.lang.NullPointerException
java.lang.NullPointerException
java.lang.NullPointerException
java.lang.NullPointerException
java.lang.NullPointerException
java.lang.NullPointerException
java.lang.NullPointerException
java.lang.NullPointerException
java.lang.NullPointerException
java.lang.NullPointerException
java.lang.NullPointerException
java.lang.NullPointerException
java.lang.NullPointerException
java.lang.NullPointerException
java.lang.NullPointerException
java.lang.NullPointerException
java.lang.NullPointerException
java.lang.NullPointerException
java.lang.NullPointerException
java.lang.NullPointerException
java.lang.NullPointerException
java.lang.NullPointerException
java.lang.NullPointerException
java.lang.NullPointerException
java.lang.NullPointerException
java.lang.NullPointerException
java.lang.NullPointerException
java.lang.NullPointerException
java.lang.NullPointerException
java.lang.NullPointerException
java.lang.NullPointerException
java.lang.NullPointerException
java.lang.NullPointerException
java.lang.NullPointerException
java.lang.NullPointerException
java.lang.NullPointerException
java.lang.NullPointerException
java.lang.NullPointerException
java.lang.NullPointerException
java.lang.NullPointerException
java.lang.NullPointerException
java.lang.NullPointerException
java.lang.NullPointerException
java.lang.NullPointerException
java.lang.NullPointerException
java.lang.NullPointerException
java.lang.NullPointerException
java.lang.NullPointerException
java.lang.NullPointerException
java.lang.NullPointerException
java.lang.NullPointerException
java.lang.NullPointerException
java.lang.NullPointerException
java.lang.NullPointerException
java.lang.NullPointerException
java.lang.NullPointerException
java.lang.NullPointerException
java.lang.NullPointerException
java.lang.NullPointerException
java.lang.NullPointerException
java.lang.NullPointerException
java.lang.NullPointerException
java.lang.NullPointerException
java.lang.NullPointerException
java.lang.NullPointerException
java.lang.NullPointerException
java.lang.NullPointerException
java.lang.NullPointerException
java.lang.NullPointerException
java.lang.NullPointerException
java.lang.NullPointerException
java.lang.NullPointerException
java.lang.NullPointerException
java.lang.NullPointerException
java.lang.NullPointerException
java.lang.NullPointerException
java.lang.NullPointerException
java.lang.NullPointerException
java.lang.NullPointerException
java.lang.NullPointerException
java.lang.NullPointerException
java.lang.NullPointerException
java.lang.NullPointerException
java.lang.NullPointerException
java.lang.NullPointerException
java.lang.NullPointerException
java.lang.NullPointerException
java.lang.NullPointerException
java.lang.NullPointerException
java.lang.NullPointerException
java.lang.NullPointerException
java.lang.NullPointerException
java.lang.NullPointerException
java.lang.NullPointerException
java.lang.NullPointerException
java.lang.NullPointerException
java.lang.NullPointerException
java.lang.NullPointerException
java.lang.NullPointerException
java.lang.NullPointerException
java.lang.NullPointerException
java.lang.NullPointerException
java.lang.NullPointerException
java.lang.NullPointerException
java.lang.NullPointerException
java.lang.NullPointerException
java.lang.NullPointerException
java.lang.NullPointerException
java.lang.NullPointerException
java.lang.NullPointerException
java.lang.NullPointerException
java.lang.NullPointerException
java.lang.NullPointerException
java.lang.NullPointerException
java.lang.NullPointerException
java.lang.NullPointerException
java.lang.NullPointerException
java.lang.NullPointerException
java.lang.NullPointerException
java.lang.NullPointerException
java.lang.NullPointerException
java.lang.NullPointerException
java.lang.NullPointerException
java.lang.NullPointerException
java.lang.NullPointerException
java.lang.NullPointerException
java.lang.NullPointerException
java.lang.NullPointerException
java.lang.NullPointerException
java.lang.NullPointerException
java.lang.NullPointerException
java.lang.NullPointerException
java.lang.NullPointerException
java.lang.NullPointerException
java.lang.NullPointerException
java.lang.NullPointerException
java.lang.NullPointerException
java.lang.NullPointerException
java.lang.NullPointerException
java.lang.NullPointerException
java.lang.NullPointerException
java.lang.NullPointerException
java.lang.NullPointerException
java.lang.NullPointerException
java.lang.NullPointerException
java.lang.NullPointerException
java.lang.NullPointerException
java.lang.NullPointerException
java.lang.NullPointerException
java.lang.NullPointerException
java.lang.NullPointerException
java.lang.NullPointerException
java.lang.NullPointerException
java.lang.NullPointerException
java.lang.NullPointerException
java.lang.NullPointerException
java.lang.NullPointerException
java.lang.NullPointerException
java.lang.NullPointerException
java.lang.NullPointerException
java.lang.NullPointerException
java.lang.NullPointerException
java.lang.NullPointerException
java.lang.NullPointerException
java.lang.NullPointerException
java.lang.NullPointerException
java.lang.NullPointerException
java.lang.NullPointerException
java.lang.NullPointerException
java.lang.NullPointerException
java.lang.NullPointerException
java.lang.NullPointerException
java.lang.NullPointerException
java.lang.NullPointerException
java.lang.NullPointerException
java.lang.NullPointerException
java.lang.NullPointerException
java.lang.NullPointerException
java.lang.NullPointerException
java.lang.NullPointerException
java.lang.NullPointerException
java.lang.NullPointerException
java.lang.NullPointerException
java.lang.NullPointerException
java.lang.NullPointerException
java.lang.NullPointerException
java.lang.NullPointerException
java.lang.NullPointerException
java.lang.NullPointerException
java.lang.NullPointerException
java.lang.NullPointerException
java.lang.NullPointerException
java.lang.NullPointerException
java.lang.NullPointerException
java.lang.NullPointerException
java.lang.NullPointerException
java.lang.NullPointerException
java.lang.NullPointerException
java.lang.NullPointerException
java.lang.NullPointerException
java.lang.NullPointerException
java.lang.NullPointerException
java.lang.NullPointerException
java.lang.NullPointerException
java.lang.NullPointerException
java.lang.NullPointerException
java.lang.NullPointerException
java.lang.NullPointerException
java.lang.NullPointerException
java.lang.NullPointerException
java.lang.NullPointerException
java.lang.NullPointerException
java.lang.NullPointerException
java.lang.NullPointerException
java.lang.NullPointerException
java.lang.NullPointerException
java.lang.NullPointerException
java.lang.NullPointerException
java.lang.NullPointerException
java.lang.NullPointerException
java.lang.NullPointerException
java.lang.NullPointerException
java.lang.NullPointerException
java.lang.NullPointerException
java.lang.NullPointerException
java.lang.NullPointerException
java.lang.NullPointerException
java.lang.NullPointerException
java.lang.NullPointerException
java.lang.NullPointerException
java.lang.NullPointerException
java.lang.NullPointerException
java.lang.NullPointerException
java.lang.NullPointerException
java.lang.NullPointerException
java.lang.NullPointerException
java.lang.NullPointerException
java.lang.NullPointerException
java.lang.NullPointerException
java.lang.NullPointerException
java.lang.NullPointerException
java.lang.NullPointerException
java.lang.NullPointerException
java.lang.NullPointerException
java.lang.NullPointerException
java.lang.NullPointerException
java.lang.NullPointerException
java.lang.NullPointerException
]]></system-err>
  </testcase>
  <testcase name="feature" classname="MyRunner.TestRunner" time="0.005"/>
  <testcase name="getResult" classname="MyRunner.TestRunner" time="1,051.275">
    <failure message="session 96fa3cd1-04d8-4be3-8ce6-d893538b1e50 does not exist&#10;Command duration or timeout: 0 milliseconds&#10;Build info: version: &apos;3.11.0&apos;, revision: &apos;e59cfb3&apos;, time: &apos;2018-03-11T20:26:55.152Z&apos;&#10;System info: host: &apos;QTLSYS0-167-PC&apos;, ip: &apos;192.168.0.167&apos;, os.name: &apos;Windows 10&apos;, os.arch: &apos;amd64&apos;, os.version: &apos;10.0&apos;, java.version: &apos;1.8.0_171&apos;&#10;Driver info: org.openqa.selenium.ie.InternetExplorerDriver&#10;Capabilities {browserAttachTimeout: 0, browserName: internet explorer, cssSelectorsEnabled: true, elementScrollBehavior: 0, enableElementCacheCleanup: true, enablePersistentHover: true, handlesAlerts: true, ie.browserCommandLineSwitches: , ie.ensureCleanSession: false, ie.forceCreateProcessApi: false, ie.usePerProcessProxy: false, ignoreProtectedModeSettings: false, ignoreZoomSetting: false, initialBrowserUrl: http://localhost:45387/, javascriptEnabled: true, nativeEvents: true, platform: WINDOWS, platformName: WINDOWS, requireWindowFocus: false, takesScreenshot: true, unexpectedAlertBehaviour: dismiss, unhandledPromptBehavior: dismiss, version: 11}&#10;Session ID: 96fa3cd1-04d8-4be3-8ce6-d893538b1e50" type="org.openqa.selenium.NoSuchSessionException">org.openqa.selenium.NoSuchSessionException: 
session 96fa3cd1-04d8-4be3-8ce6-d893538b1e50 does not exist
Command duration or timeout: 0 milliseconds
Build info: version: '3.11.0', revision: 'e59cfb3', time: '2018-03-11T20:26:55.152Z'
System info: host: 'QTLSYS0-167-PC', ip: '192.168.0.167', os.name: 'Windows 10', os.arch: 'amd64', os.version: '10.0', java.version: '1.8.0_171'
Driver info: org.openqa.selenium.ie.InternetExplorerDriver
Capabilities {browserAttachTimeout: 0, browserName: internet explorer, cssSelectorsEnabled: true, elementScrollBehavior: 0, enableElementCacheCleanup: true, enablePersistentHover: true, handlesAlerts: true, ie.browserCommandLineSwitches: , ie.ensureCleanSession: false, ie.forceCreateProcessApi: false, ie.usePerProcessProxy: false, ignoreProtectedModeSettings: false, ignoreZoomSetting: false, initialBrowserUrl: http://localhost:45387/, javascriptEnabled: true, nativeEvents: true, platform: WINDOWS, platformName: WINDOWS, requireWindowFocus: false, takesScreenshot: true, unexpectedAlertBehaviour: dismiss, unhandledPromptBehavior: dismiss, version: 11}
Session ID: 96fa3cd1-04d8-4be3-8ce6-d893538b1e50
	at MyRunner.TestRunner.getScreenhot(TestRunner.java:232)
	at MyRunner.TestRunner.getResult(TestRunner.java:213)
</failure>
  </testcase>
</testsuite>